<?xml version="1.0" encoding="UTF-8"?>
<robot generator="Robot 6.1.1 (Python 3.12.0 on win32)" generated="20231118 22:02:00.426" rpa="false" schemaversion="4">
<suite id="s1" name="Features" source="C:\Users\mathe\OneDrive\Área de Trabalho\Web2 - Robot\Features">
<suite id="s1-s1" name="PacientesBDD" source="C:\Users\mathe\OneDrive\Área de Trabalho\Web2 - Robot\Features\PacientesBDD.robot">
<test id="s1-s1-t1" name="Scenario 1: Aquele que eu busco por todos os pacientes" line="12">
<kw name="Given Que eu chamando todos pacientes" library="Pacientes">
<doc>Puxa os dados de todos os pacientes</doc>
<kw name="Create Session" library="RequestsLibrary">
<arg>alias=APIPacientes</arg>
<arg>url=${PACIENTE-BASEURL}</arg>
<doc>Create Session: create a HTTP session to a server</doc>
<msg timestamp="20231118 22:02:01.131" level="INFO">Creating Session using : alias=APIPacientes, url=https://api-pacientes-af7078c573aa.herokuapp.com/api/pacientes, headers={},                     cookies={}, auth=None, timeout=None, proxies=None, verify=False,                     debug=0 </msg>
<status status="PASS" starttime="20231118 22:02:01.131" endtime="20231118 22:02:01.131"/>
</kw>
<kw name="GET On Session" library="RequestsLibrary">
<var>${RESPONSE}</var>
<arg>alias=APIPacientes</arg>
<arg>url=${PACIENTE-BASEURL}</arg>
<doc>Sends a GET request on a previously created HTTP Session.</doc>
<msg timestamp="20231118 22:02:01.671" level="INFO">GET Request : url=https://api-pacientes-af7078c573aa.herokuapp.com/api/pacientes 
 path_url=/api/pacientes 
 headers={'User-Agent': 'python-requests/2.31.0', 'Accept-Encoding': 'gzip, deflate', 'Accept': '*/*', 'Connection': 'keep-alive'} 
 body=None 
 </msg>
<msg timestamp="20231118 22:02:01.671" level="INFO">GET Response : url=https://api-pacientes-af7078c573aa.herokuapp.com/api/pacientes 
 status=200, reason= 
 headers={'Server': 'Cowboy', 'Report-To': '{"group":"heroku-nel","max_age":3600,"endpoints":[{"url":"https://nel.heroku.com/reports?ts=1700355722&amp;sid=929419e7-33ea-4e2f-85f0-7d8b7cd5cbd6&amp;s=k973C6FNo3ICe8MMMqW4b5S3zliGkTPwh9VDZY0yfHo%3D"}]}', 'Reporting-Endpoints': 'heroku-nel=https://nel.heroku.com/reports?ts=1700355722&amp;sid=929419e7-33ea-4e2f-85f0-7d8b7cd5cbd6&amp;s=k973C6FNo3ICe8MMMqW4b5S3zliGkTPwh9VDZY0yfHo%3D', 'Nel': '{"report_to":"heroku-nel","max_age":3600,"success_fraction":0.005,"failure_fraction":0.05,"response_headers":["Via"]}', 'Connection': 'keep-alive', 'Vary': 'Origin, Access-Control-Request-Method, Access-Control-Request-Headers', 'Content-Type': 'application/json', 'Transfer-Encoding': 'chunked', 'Date': 'Sun, 19 Nov 2023 01:02:02 GMT', 'Via': '1.1 vegur'} 
 body=[{"id":"65467e1b0d065b0d8af837fe","nome":"John","sobrenome":"Wilson","cpf":"18929954502","idade":1,"sexo":"Masculino","contato":"(489)707-7607","logradouro":"569 Amanda Summit Apt. 189","numero":"44","bairro":"West Latashaburgh","cep":"41299-150","municipio":"Port Tamarahaven","estado":"BA"},{"id":"65467e6c0d065b0d8af83802","nome":"Richard","sobrenome":"Torres","cpf":"74275232704","idade":33,"sexo":"Feminino","contato":"(709)887-1290","logradouro":"156 Ann Hollow","numero":"34","bairro":"Dunnland","cep":"41299-150","municipio":"Bowersshire","estado":"CE"},{"id":"65467ec50d065b0d8af83806","nome":"Christopher","sobrenome":"Edwards","cpf":"62251865497","idade":11,"sexo":"Masculino","contato":"+1-657-438-7432","logradouro":"794 Donaldson Springs","numero":"48","bairro":"Oliverport","cep":"41299-150","municipio":"Port Lesliechester","estado":"BA"},{"id":"6546894d0d065b0d8af8380a","nome":"Jeff","sobrenome":"Mullins","cpf":"40330709666","idade":43,"sexo":"Feminino","contato":"394-968-1199","logradouro":"23649 Peters Mission Suite 391","numero":"29","bairro":"New Danny","cep":"41299-150","municipio":"North Kevinton","estado":"BA"},{"id":"6546897f0d065b0d8af8380e","nome":"Andrew","sobrenome":"Bryant","cpf":"93092107454","idade":54,"sexo":"Masculino","contato":"001-452-738-7381x941","logradouro":"8421 Daniel Summit","numero":"33","bairro":"West Brittany","cep":"41299-150","municipio":"New Brenda","estado":"BA"},{"id":"654a72b413026f22c7528f8f","nome":"Paramo","sobrenome":"Paciente","cpf":"72118849087","idade":40,"sexo":"F","contato":"(71) 99998-8655","logradouro":"Av. Luiz Tarquínio Pontes","numero":"600","bairro":"Fazenda Pitangueira","cep":"42700000","municipio":"Lauro De Freitas","estado":"BA"},{"id":"6559432282f89b53c9dbe07d","nome":"Rose","sobrenome":"Phillips","cpf":"08258560000","idade":95,"sexo":"Feminino","contato":"461.224.9171x760","logradouro":"2211 Wilson Creek","numero":"67","bairro":"West Michelle","cep":"41299-150","municipio":"Wolfebury","estado":"WI"},{"id":"655945a382f89b53c9dbe07e","nome":"Theresa","sobrenome":"Carr","cpf":"80133318303","idade":78,"sexo":"Masculino","contato":"391.908.4739x840","logradouro":"843 Allison Summit Suite 553","numero":"25","bairro":"Port Shelia","cep":"41299-150","municipio":"West Williamstad","estado":"AR"},{"id":"655945a482f89b53c9dbe07f","nome":"Toni","sobrenome":"Perez","cpf":"70143213741","idade":69,"sexo":"Masculino","contato":"941-363-3820x455","logradouro":"849 Paul Camp","numero":"89","bairro":"East Jessicaborough","cep":"00000-000","municipio":"North Emily","estado":"VA"},{"id":"655945a582f89b53c9dbe080","nome":"Matthew","sobrenome":"Collins","cpf":"59152739040","idade":80,"sexo":"Feminino","contato":"001-493-693-2289","logradouro":"43431 Michael Forest Apt. 489","numero":"88","bairro":"Steventown","cep":"41299-150","municipio":"Gilbertmouth","estado":"WA"},{"id":"6559469882f89b53c9dbe083","nome":"Christopher","sobrenome":"Love","cpf":"45803215880","idade":2,"sexo":"Feminino","contato":"001-925-710-9305x28222","logradouro":"5251 Stanley Prairie Apt. 759","numero":"11","bairro":"Lake Kaylahaven","cep":"41299-150","municipio":"Ryanshire","estado":"OK"},{"id":"6559469982f89b53c9dbe084","nome":"Stephanie","sobrenome":"Perez","cpf":"07584854419","idade":53,"sexo":"Masculino","contato":"(285)354-6437x42189","logradouro":"64775 Adam Road","numero":"6","bairro":"North Michael","cep":"00000-000","municipio":"East Michaelberg","estado":"KY"},{"id":"6559469a82f89b53c9dbe085","nome":"Jenna","sobrenome":"Jennings","cpf":"24430173036","idade":22,"sexo":"Masculino","contato":"7412994259","logradouro":"21309 Jimenez Underpass","numero":"61","bairro":"East Brittanyton","cep":"41299-150","municipio":"North Erinburgh","estado":"VT"},{"id":"6559474882f89b53c9dbe088","nome":"Christopher","sobrenome":"Andrade","cpf":"25962019415","idade":17,"sexo":"Feminino","contato":"001-937-818-9645x4736","logradouro":"660 Montes Dale Apt. 001","numero":"65","bairro":"East Mark","cep":"41299-150","municipio":"East Brittneymouth","estado":"NC"},{"id":"6559474982f89b53c9dbe089","nome":"Kyle","sobrenome":"Collins","cpf":"28128821075","idade":70,"sexo":"Masculino","contato":"224.655.0925","logradouro":"81530 Griffin Canyon Suite 343","numero":"38","bairro":"Port Jenniferton","cep":"00000-000","municipio":"South Jennifer","estado":"DC"},{"id":"6559474a82f89b53c9dbe08a","nome":"Courtney","sobrenome":"Goodwin","cpf":"09035910141","idade":55,"sexo":"Feminino","contato":"901.679.8479x017","logradouro":"0862 Bauer Islands","numero":"69","bairro":"Lake Marissachester","cep":"41299-150","municipio":"Port Matthew","estado":"NC"},{"id":"6559477d82f89b53c9dbe08c","nome":"David","sobrenome":"Simon","cpf":"20684428849","idade":78,"sexo":"Feminino","contato":"+1-449-831-6470x0747","logradouro":"0584 Richard Ways Suite 999","numero":"90","bairro":"Mullinsberg","cep":"41299-150","municipio":"West Jacqueline","estado":"MA"},{"id":"6559477e82f89b53c9dbe08d","nome":"Danny","sobrenome":"Nelson","cpf":"86511873609","idade":40,"sexo":"Masculino","contato":"205.496.2597","logradouro":"34509 Aimee Underpass","numero":"86","bairro":"East Jennifer","cep":"00000-000","municipio":"Jeffside","estado":"WV"},{"id":"6559477f82f89b53c9dbe08e","nome":"Angelica","sobrenome":"Flowers","cpf":"61024999300","idade":97,"sexo":"Masculino","contato":"(846)253-8040x7692","logradouro":"248 Camacho Prairie Apt. 055","numero":"54","bairro":"New Paul","cep":"41299-150","municipio":"Jonesburgh","estado":"ND"},{"id":"655952dd82f89b53c9dbe091","nome":"Jennifer","sobrenome":"Molina","cpf":"14010893052","idade":97,"sexo":"Masculino","contato":"212.306.3854x680","logradouro":"020 John Mount","numero":"95","bairro":"Carolinefort","cep":"41299-150","municipio":"South Jordan","estado":"OR"},{"id":"655957c482f89b53c9dbe092","nome":"Jesse","sobrenome":"Hall","cpf":"84873967473","idade":49,"sexo":"Feminino","contato":"(386)888-7904x355","logradouro":"960 Black Dale","numero":"20","bairro":"South Jasonshire","cep":"41299-150","municipio":"East Garyberg","estado":"MI"},{"id":"655957f482f89b53c9dbe093","nome":"Keith","sobrenome":"Russell","cpf":"95956381299","idade":50,"sexo":"Feminino","contato":"778.998.6491x589","logradouro":"05536 Pamela Walks","numero":"26","bairro":"Lake Clinton","cep":"41299-150","municipio":"Gonzalezchester","estado":"WY"},{"id":"6559581e82f89b53c9dbe094","nome":"Jonathan","sobrenome":"Young","cpf":"49696921810","idade":50,"sexo":"Feminino","contato":"(520)516-2710x06682","logradouro":"99956 Jason Spur","numero":"10","bairro":"Randallfort","cep":"41299-150","municipio":"New Nathaniel","estado":"AR"},{"id":"6559583c82f89b53c9dbe095","nome":"Michael","sobrenome":"Zuniga","cpf":"94060915181","idade":98,"sexo":"Masculino","contato":"+1-447-307-3153x240","logradouro":"1626 Kelley Stream Apt. 642","numero":"96","bairro":"Robertland","cep":"41299-150","municipio":"New Abigail","estado":"MO"},{"id":"6559587d82f89b53c9dbe096","nome":"Ashley","sobrenome":"Tyler","cpf":"87644994564","idade":20,"sexo":"Masculino","contato":"+1-880-373-0269x66322","logradouro":"47030 Mallory Rest Suite 895","numero":"51","bairro":"Port Deborah","cep":"41299-150","municipio":"New Kellytown","estado":"ID"},{"id":"655958e182f89b53c9dbe097","nome":"Monique","sobrenome":"Velez","cpf":"29765172230","idade":27,"sexo":"Feminino","contato":"001-427-296-8296x83702","logradouro":"7578 Mark Inlet","numero":"29","bairro":"Stoneborough","cep":"41299-150","municipio":"West John","estado":"KS"},{"id":"65595b1b82f89b53c9dbe098","nome":"Patricia","sobrenome":"Parker","cpf":"81281994804","idade":56,"sexo":"Masculino","contato":"280.934.7271x264","logradouro":"59011 Thomas Plains","numero":"61","bairro":"Michaelland","cep":"41299-150","municipio":"New Toddstad","estado":"AL"},{"id":"65595bce82f89b53c9dbe099","nome":"Brandon","sobrenome":"Mitchell","cpf":"05457030857","idade":22,"sexo":"Masculino","contato":"(843)361-6159x9960","logradouro":"6408 Richard Terrace Apt. 060","numero":"97","bairro":"Holmesview","cep":"41299-150","municipio":"Morrisstad","estado":"OR"},{"id":"65595c4482f89b53c9dbe09a","nome":"Jessica","sobrenome":"Berry","cpf":"04866166061","idade":13,"sexo":"Masculino","contato":"(911)733-8300x635","logradouro":"86863 Armstrong Ford","numero":"28","bairro":"Lake Jeffreyview","cep":"41299-150","municipio":"Bowenhaven","estado":"OH"},{"id":"65595c7482f89b53c9dbe09b","nome":"Joseph","sobrenome":"Anderson","cpf":"70779215818","idade":59,"sexo":"Masculino","contato":"6716098326","logradouro":"90912 Melanie Rest","numero":"52","bairro":"Kennethtown","cep":"41299-150","municipio":"Port Cheyenne","estado":"DE"},{"id":"65595c9c82f89b53c9dbe09c","nome":"Ashley","sobrenome":"Hopkins","cpf":"25545724028","idade":55,"sexo":"Feminino","contato":"5872870137","logradouro":"4610 Cynthia Fort","numero":"2","bairro":"East Kristen","cep":"41299-150","municipio":"Dixonfurt","estado":"PR"},{"id":"65595cc082f89b53c9dbe09d","nome":"Courtney","sobrenome":"Montgomery","cpf":"56323374137","idade":41,"sexo":"Feminino","contato":"971-857-7106","logradouro":"496 Bradford Dam","numero":"53","bairro":"West Ashleyberg","cep":"41299-150","municipio":"West Erin","estado":"AK"},{"id":"65595cd782f89b53c9dbe09e","nome":"Brandon","sobrenome":"Ruiz","cpf":"48266225974","idade":72,"sexo":"Feminino","contato":"(366)382-8670","logradouro":"9737 Kathleen Dam","numero":"91","bairro":"Gregoryberg","cep":"41299-150","municipio":"Vangside","estado":"PA"},{"id":"65595d2882f89b53c9dbe09f","nome":"Kimberly","sobrenome":"Willis","cpf":"32926955898","idade":5,"sexo":"Feminino","contato":"+1-335-446-3482x3401","logradouro":"009 Katelyn Stravenue Apt. 495","numero":"24","bairro":"East Amanda","cep":"41299-150","municipio":"South Paulville","estado":"LA"},{"id":"65595df382f89b53c9dbe0a0","nome":"Rachel","sobrenome":"Wilson","cpf":"29886404833","idade":79,"sexo":"Feminino","contato":"402-930-8895x77148","logradouro":"512 Allen Plain Apt. 619","numero":"54","bairro":"Jefferyport","cep":"41299-150","municipio":"Port Kelly","estado"... (set the log level to DEBUG or TRACE to see the full content) 
 </msg>
<msg timestamp="20231118 22:02:01.672" level="INFO">C:\Users\mathe\AppData\Local\Programs\Python\Python312\Lib\site-packages\urllib3\connectionpool.py:1095: InsecureRequestWarning: Unverified HTTPS request is being made to host 'api-pacientes-af7078c573aa.herokuapp.com'. Adding certificate verification is strongly advised. See: https://urllib3.readthedocs.io/en/latest/advanced-usage.html#tls-warnings
  warnings.warn(</msg>
<msg timestamp="20231118 22:02:01.672" level="INFO">${RESPONSE} = &lt;Response [200]&gt;</msg>
<status status="PASS" starttime="20231118 22:02:01.131" endtime="20231118 22:02:01.672"/>
</kw>
<kw name="Log" library="BuiltIn">
<arg>${PACIENTE-BASEURL}</arg>
<doc>Logs the given message with the given level.</doc>
<msg timestamp="20231118 22:02:01.672" level="INFO">https://api-pacientes-af7078c573aa.herokuapp.com/api/pacientes</msg>
<status status="PASS" starttime="20231118 22:02:01.672" endtime="20231118 22:02:01.672"/>
</kw>
<kw name="Set Suite Variable" library="BuiltIn">
<arg>${RESPONSE}</arg>
<doc>Makes a variable available everywhere within the scope of the current suite.</doc>
<msg timestamp="20231118 22:02:01.673" level="INFO">${RESPONSE} = &lt;Response [200]&gt;</msg>
<status status="PASS" starttime="20231118 22:02:01.673" endtime="20231118 22:02:01.673"/>
</kw>
<status status="PASS" starttime="20231118 22:02:01.131" endtime="20231118 22:02:01.673"/>
</kw>
<kw name="then Valido Status code" library="Pacientes">
<arg>200</arg>
<doc>Utiliza o reponse para validar o staus</doc>
<kw name="Get Variable Value" library="BuiltIn">
<var>${RESPONSE}</var>
<arg>${RESPONSE}</arg>
<doc>Returns variable value or ``default`` if the variable does not exist.</doc>
<msg timestamp="20231118 22:02:01.673" level="INFO">${RESPONSE} = &lt;Response [200]&gt;</msg>
<status status="PASS" starttime="20231118 22:02:01.673" endtime="20231118 22:02:01.673"/>
</kw>
<kw name="Should Be Equal As Strings" library="BuiltIn">
<arg>${RESPONSE.status_code}</arg>
<arg>${expected_status}</arg>
<doc>Fails if objects are unequal after converting them to strings.</doc>
<msg timestamp="20231118 22:02:01.675" level="INFO">Argument types are:
&lt;class 'int'&gt;
&lt;class 'str'&gt;</msg>
<status status="PASS" starttime="20231118 22:02:01.673" endtime="20231118 22:02:01.675"/>
</kw>
<status status="PASS" starttime="20231118 22:02:01.673" endtime="20231118 22:02:01.675"/>
</kw>
<tag>APIPacientes</tag>
<tag>Regressão</tag>
<status status="PASS" starttime="20231118 22:02:01.129" endtime="20231118 22:02:01.675"/>
</test>
<test id="s1-s1-t2" name="Scenario 4: Aquele que eu crio um novo paciente" line="27">
<kw name="Given Que eu cadastro um novo paciente" library="Pacientes">
<doc>Adicionando um novo paciente</doc>
<kw name="Gerando Novo Paciente" library="PacienteFake">
<var>${PacienteData}</var>
<msg timestamp="20231118 22:02:01.680" level="INFO">{
    "nome": "Lisa",
    "sobrenome": "Mcneil",
    "cpf": "18298159209",
    "idade": 18,
    "sexo": "Feminino",
    "contato": "366-566-2375x016",
    "logradouro": "16338 Isaac Throughway Apt. 591",
    "numero": 11,
    "bairro": "Moraleshaven",
    "cep": "41299-150",
    "municipio": "Kathyside",
    "estado": "OR"
}</msg>
<msg timestamp="20231118 22:02:01.681" level="INFO">${PacienteData} = {
    "nome": "Lisa",
    "sobrenome": "Mcneil",
    "cpf": "18298159209",
    "idade": 18,
    "sexo": "Feminino",
    "contato": "366-566-2375x016",
    "logradouro": "16338 Isaac Throughway Apt. 59...</msg>
<status status="PASS" starttime="20231118 22:02:01.678" endtime="20231118 22:02:01.681"/>
</kw>
<kw name="Log" library="BuiltIn">
<arg>PacienteData: ${PacienteData}</arg>
<doc>Logs the given message with the given level.</doc>
<msg timestamp="20231118 22:02:01.681" level="INFO">PacienteData: {
    "nome": "Lisa",
    "sobrenome": "Mcneil",
    "cpf": "18298159209",
    "idade": 18,
    "sexo": "Feminino",
    "contato": "366-566-2375x016",
    "logradouro": "16338 Isaac Throughway Apt. 591",
    "numero": 11,
    "bairro": "Moraleshaven",
    "cep": "41299-150",
    "municipio": "Kathyside",
    "estado": "OR"
}</msg>
<status status="PASS" starttime="20231118 22:02:01.681" endtime="20231118 22:02:01.681"/>
</kw>
<kw name="Create Session" library="RequestsLibrary">
<arg>alias=APIPacientes</arg>
<arg>url=${PACIENTE-BASEURL}/cadastrar</arg>
<doc>Create Session: create a HTTP session to a server</doc>
<msg timestamp="20231118 22:02:01.682" level="INFO">Creating Session using : alias=APIPacientes, url=https://api-pacientes-af7078c573aa.herokuapp.com/api/pacientes/cadastrar, headers={},                     cookies={}, auth=None, timeout=None, proxies=None, verify=False,                     debug=0 </msg>
<status status="PASS" starttime="20231118 22:02:01.681" endtime="20231118 22:02:01.682"/>
</kw>
<kw name="POST On Session" library="RequestsLibrary">
<var>${RESPONSE}</var>
<arg>alias=APIPacientes</arg>
<arg>url=${PACIENTE-BASEURL}/cadastrar</arg>
<arg>data=${PacienteData}</arg>
<arg>headers=${headers}</arg>
<doc>Sends a POST request on a previously created HTTP Session.</doc>
<msg timestamp="20231118 22:02:02.190" level="INFO">POST Request : url=https://api-pacientes-af7078c573aa.herokuapp.com/api/pacientes/cadastrar 
 path_url=/api/pacientes/cadastrar 
 headers={'User-Agent': 'python-requests/2.31.0', 'Accept-Encoding': 'gzip, deflate', 'Accept': '*/*', 'Connection': 'keep-alive', 'Content-Type': 'application/json', 'Content-Length': '326'} 
 body={
    "nome": "Lisa",
    "sobrenome": "Mcneil",
    "cpf": "18298159209",
    "idade": 18,
    "sexo": "Feminino",
    "contato": "366-566-2375x016",
    "logradouro": "16338 Isaac Throughway Apt. 591",
    "numero": 11,
    "bairro": "Moraleshaven",
    "cep": "41299-150",
    "municipio": "Kathyside",
    "estado": "OR"
} 
 </msg>
<msg timestamp="20231118 22:02:02.190" level="INFO">POST Response : url=https://api-pacientes-af7078c573aa.herokuapp.com/api/pacientes/cadastrar 
 status=201, reason= 
 headers={'Server': 'Cowboy', 'Report-To': '{"group":"heroku-nel","max_age":3600,"endpoints":[{"url":"https://nel.heroku.com/reports?ts=1700355723&amp;sid=929419e7-33ea-4e2f-85f0-7d8b7cd5cbd6&amp;s=GovaxxJ%2B8SMwAnN%2BWCXHnfMBKIn3ajaTBAPfuuVZ6Hk%3D"}]}', 'Reporting-Endpoints': 'heroku-nel=https://nel.heroku.com/reports?ts=1700355723&amp;sid=929419e7-33ea-4e2f-85f0-7d8b7cd5cbd6&amp;s=GovaxxJ%2B8SMwAnN%2BWCXHnfMBKIn3ajaTBAPfuuVZ6Hk%3D', 'Nel': '{"report_to":"heroku-nel","max_age":3600,"success_fraction":0.005,"failure_fraction":0.05,"response_headers":["Via"]}', 'Connection': 'keep-alive', 'Vary': 'Origin, Access-Control-Request-Method, Access-Control-Request-Headers', 'Content-Type': 'application/json', 'Transfer-Encoding': 'chunked', 'Date': 'Sun, 19 Nov 2023 01:02:02 GMT', 'Via': '1.1 vegur'} 
 body={"id":"65595e8b82f89b53c9dbe0a4","nome":"Lisa","sobrenome":"Mcneil","cpf":"18298159209","idade":18,"sexo":"Feminino","contato":"366-566-2375x016","logradouro":"16338 Isaac Throughway Apt. 591","numero":"11","bairro":"Moraleshaven","cep":"41299-150","municipio":"Kathyside","estado":"OR"} 
 </msg>
<msg timestamp="20231118 22:02:02.190" level="INFO">C:\Users\mathe\AppData\Local\Programs\Python\Python312\Lib\site-packages\urllib3\connectionpool.py:1095: InsecureRequestWarning: Unverified HTTPS request is being made to host 'api-pacientes-af7078c573aa.herokuapp.com'. Adding certificate verification is strongly advised. See: https://urllib3.readthedocs.io/en/latest/advanced-usage.html#tls-warnings
  warnings.warn(</msg>
<msg timestamp="20231118 22:02:02.191" level="INFO">${RESPONSE} = &lt;Response [201]&gt;</msg>
<status status="PASS" starttime="20231118 22:02:01.682" endtime="20231118 22:02:02.191"/>
</kw>
<kw name="Evaluate" library="BuiltIn">
<var>${response_dict}</var>
<arg>json.loads('''${RESPONSE.text}''')</arg>
<doc>Evaluates the given expression in Python and returns the result.</doc>
<msg timestamp="20231118 22:02:02.191" level="INFO">${response_dict} = {'id': '65595e8b82f89b53c9dbe0a4', 'nome': 'Lisa', 'sobrenome': 'Mcneil', 'cpf': '18298159209', 'idade': 18, 'sexo': 'Feminino', 'contato': '366-566-2375x016', 'logradouro': '16338 Isaac Throughway Ap...</msg>
<status status="PASS" starttime="20231118 22:02:02.191" endtime="20231118 22:02:02.191"/>
</kw>
<kw name="Log" library="BuiltIn">
<arg>PacienteData: ${response_dict}</arg>
<doc>Logs the given message with the given level.</doc>
<msg timestamp="20231118 22:02:02.192" level="INFO">PacienteData: {'id': '65595e8b82f89b53c9dbe0a4', 'nome': 'Lisa', 'sobrenome': 'Mcneil', 'cpf': '18298159209', 'idade': 18, 'sexo': 'Feminino', 'contato': '366-566-2375x016', 'logradouro': '16338 Isaac Throughway Apt. 591', 'numero': '11', 'bairro': 'Moraleshaven', 'cep': '41299-150', 'municipio': 'Kathyside', 'estado': 'OR'}</msg>
<status status="PASS" starttime="20231118 22:02:02.191" endtime="20231118 22:02:02.192"/>
</kw>
<kw name="Set Variable" library="BuiltIn">
<var>${PacienteNome}</var>
<arg>${response_dict["nome"]}</arg>
<doc>Returns the given values which can then be assigned to a variables.</doc>
<msg timestamp="20231118 22:02:02.192" level="INFO">${PacienteNome} = Lisa</msg>
<status status="PASS" starttime="20231118 22:02:02.192" endtime="20231118 22:02:02.192"/>
</kw>
<kw name="Set Variable" library="BuiltIn">
<var>${PacienteSobrenome}</var>
<arg>${response_dict["sobrenome"]}</arg>
<doc>Returns the given values which can then be assigned to a variables.</doc>
<msg timestamp="20231118 22:02:02.192" level="INFO">${PacienteSobrenome} = Mcneil</msg>
<status status="PASS" starttime="20231118 22:02:02.192" endtime="20231118 22:02:02.192"/>
</kw>
<kw name="Set Suite Variable" library="BuiltIn">
<arg>${RESPONSE}</arg>
<doc>Makes a variable available everywhere within the scope of the current suite.</doc>
<msg timestamp="20231118 22:02:02.193" level="INFO">${RESPONSE} = &lt;Response [201]&gt;</msg>
<status status="PASS" starttime="20231118 22:02:02.192" endtime="20231118 22:02:02.193"/>
</kw>
<kw name="Set Suite Variable" library="BuiltIn">
<arg>${PacienteNome}</arg>
<doc>Makes a variable available everywhere within the scope of the current suite.</doc>
<msg timestamp="20231118 22:02:02.193" level="INFO">${PacienteNome} = Lisa</msg>
<status status="PASS" starttime="20231118 22:02:02.193" endtime="20231118 22:02:02.193"/>
</kw>
<kw name="Set Suite Variable" library="BuiltIn">
<arg>${PacienteSobrenome}</arg>
<doc>Makes a variable available everywhere within the scope of the current suite.</doc>
<msg timestamp="20231118 22:02:02.193" level="INFO">${PacienteSobrenome} = Mcneil</msg>
<status status="PASS" starttime="20231118 22:02:02.193" endtime="20231118 22:02:02.193"/>
</kw>
<kw name="Set Global Variable" library="BuiltIn">
<arg>${PacienteID}</arg>
<arg>${response_dict["id"]}</arg>
<doc>Makes a variable available globally in all tests and suites.</doc>
<msg timestamp="20231118 22:02:02.193" level="INFO">${PacienteID} = 65595e8b82f89b53c9dbe0a4</msg>
<status status="PASS" starttime="20231118 22:02:02.193" endtime="20231118 22:02:02.195"/>
</kw>
<status status="PASS" starttime="20231118 22:02:01.678" endtime="20231118 22:02:02.195"/>
</kw>
<kw name="then Valido Status code" library="Pacientes">
<arg>201</arg>
<doc>Utiliza o reponse para validar o staus</doc>
<kw name="Get Variable Value" library="BuiltIn">
<var>${RESPONSE}</var>
<arg>${RESPONSE}</arg>
<doc>Returns variable value or ``default`` if the variable does not exist.</doc>
<msg timestamp="20231118 22:02:02.195" level="INFO">${RESPONSE} = &lt;Response [201]&gt;</msg>
<status status="PASS" starttime="20231118 22:02:02.195" endtime="20231118 22:02:02.195"/>
</kw>
<kw name="Should Be Equal As Strings" library="BuiltIn">
<arg>${RESPONSE.status_code}</arg>
<arg>${expected_status}</arg>
<doc>Fails if objects are unequal after converting them to strings.</doc>
<msg timestamp="20231118 22:02:02.196" level="INFO">Argument types are:
&lt;class 'int'&gt;
&lt;class 'str'&gt;</msg>
<status status="PASS" starttime="20231118 22:02:02.195" endtime="20231118 22:02:02.196"/>
</kw>
<status status="PASS" starttime="20231118 22:02:02.195" endtime="20231118 22:02:02.196"/>
</kw>
<tag>APIPacientes</tag>
<tag>Regressão</tag>
<status status="PASS" starttime="20231118 22:02:01.677" endtime="20231118 22:02:02.196"/>
</test>
<test id="s1-s1-t3" name="Scenario 5: Aquele que eu tento criar um novo paciente um CPF invalido" line="32">
<kw name="Given Que eu tento cadastrar um paciente com CPF invalido" library="Pacientes">
<doc>Adicionando um novo paciente</doc>
<kw name="Gerando Novo Paciente CPF Invalido" library="PacienteFake">
<var>${PacienteData}</var>
<msg timestamp="20231118 22:02:02.201" level="INFO">{
    "nome": "Christopher",
    "sobrenome": "Bates",
    "cpf": "469-37-0790",
    "idade": 32,
    "sexo": "Masculino",
    "contato": "330-425-9068",
    "logradouro": "2923 Arroyo Village Apt. 235",
    "numero": 85,
    "bairro": "New Amanda",
    "cep": "41299-150",
    "municipio": "Josephville",
    "estado": "KS"
}</msg>
<msg timestamp="20231118 22:02:02.201" level="INFO">${PacienteData} = {
    "nome": "Christopher",
    "sobrenome": "Bates",
    "cpf": "469-37-0790",
    "idade": 32,
    "sexo": "Masculino",
    "contato": "330-425-9068",
    "logradouro": "2923 Arroyo Village Apt. 23...</msg>
<status status="PASS" starttime="20231118 22:02:02.199" endtime="20231118 22:02:02.202"/>
</kw>
<kw name="Log" library="BuiltIn">
<arg>PacienteData: ${PacienteData}</arg>
<doc>Logs the given message with the given level.</doc>
<msg timestamp="20231118 22:02:02.202" level="INFO">PacienteData: {
    "nome": "Christopher",
    "sobrenome": "Bates",
    "cpf": "469-37-0790",
    "idade": 32,
    "sexo": "Masculino",
    "contato": "330-425-9068",
    "logradouro": "2923 Arroyo Village Apt. 235",
    "numero": 85,
    "bairro": "New Amanda",
    "cep": "41299-150",
    "municipio": "Josephville",
    "estado": "KS"
}</msg>
<status status="PASS" starttime="20231118 22:02:02.202" endtime="20231118 22:02:02.202"/>
</kw>
<kw name="Create Session" library="RequestsLibrary">
<arg>alias=APIPacientes</arg>
<arg>url=${PACIENTE-BASEURL}/cadastrar</arg>
<doc>Create Session: create a HTTP session to a server</doc>
<msg timestamp="20231118 22:02:02.202" level="INFO">Creating Session using : alias=APIPacientes, url=https://api-pacientes-af7078c573aa.herokuapp.com/api/pacientes/cadastrar, headers={},                     cookies={}, auth=None, timeout=None, proxies=None, verify=False,                     debug=0 </msg>
<status status="PASS" starttime="20231118 22:02:02.202" endtime="20231118 22:02:02.203"/>
</kw>
<kw name="POST On Session" library="RequestsLibrary">
<var>${RESPONSE}</var>
<arg>expected_status=any</arg>
<arg>alias=APIPacientes</arg>
<arg>url=${PACIENTE-BASEURL}/cadastrar</arg>
<arg>data=${PacienteData}</arg>
<arg>headers=${headers}</arg>
<doc>Sends a POST request on a previously created HTTP Session.</doc>
<msg timestamp="20231118 22:02:02.706" level="INFO">POST Request : url=https://api-pacientes-af7078c573aa.herokuapp.com/api/pacientes/cadastrar 
 path_url=/api/pacientes/cadastrar 
 headers={'User-Agent': 'python-requests/2.31.0', 'Accept-Encoding': 'gzip, deflate', 'Accept': '*/*', 'Connection': 'keep-alive', 'Content-Type': 'application/json', 'Content-Length': '326'} 
 body={
    "nome": "Christopher",
    "sobrenome": "Bates",
    "cpf": "469-37-0790",
    "idade": 32,
    "sexo": "Masculino",
    "contato": "330-425-9068",
    "logradouro": "2923 Arroyo Village Apt. 235",
    "numero": 85,
    "bairro": "New Amanda",
    "cep": "41299-150",
    "municipio": "Josephville",
    "estado": "KS"
} 
 </msg>
<msg timestamp="20231118 22:02:02.706" level="INFO">POST Response : url=https://api-pacientes-af7078c573aa.herokuapp.com/api/pacientes/cadastrar 
 status=422, reason= 
 headers={'Server': 'Cowboy', 'Report-To': '{"group":"heroku-nel","max_age":3600,"endpoints":[{"url":"https://nel.heroku.com/reports?ts=1700355723&amp;sid=929419e7-33ea-4e2f-85f0-7d8b7cd5cbd6&amp;s=GovaxxJ%2B8SMwAnN%2BWCXHnfMBKIn3ajaTBAPfuuVZ6Hk%3D"}]}', 'Reporting-Endpoints': 'heroku-nel=https://nel.heroku.com/reports?ts=1700355723&amp;sid=929419e7-33ea-4e2f-85f0-7d8b7cd5cbd6&amp;s=GovaxxJ%2B8SMwAnN%2BWCXHnfMBKIn3ajaTBAPfuuVZ6Hk%3D', 'Nel': '{"report_to":"heroku-nel","max_age":3600,"success_fraction":0.005,"failure_fraction":0.05,"response_headers":["Via"]}', 'Connection': 'keep-alive', 'Vary': 'Origin, Access-Control-Request-Method, Access-Control-Request-Headers', 'Content-Type': 'application/json', 'Transfer-Encoding': 'chunked', 'Date': 'Sun, 19 Nov 2023 01:02:03 GMT', 'Via': '1.1 vegur'} 
 body={"status":422,"message":"Validation error. Check 'errors' field for details.","errors":[{"field":"cpf","message":"invalid Brazilian individual taxpayer registry number (CPF)"}]} 
 </msg>
<msg timestamp="20231118 22:02:02.706" level="INFO">C:\Users\mathe\AppData\Local\Programs\Python\Python312\Lib\site-packages\urllib3\connectionpool.py:1095: InsecureRequestWarning: Unverified HTTPS request is being made to host 'api-pacientes-af7078c573aa.herokuapp.com'. Adding certificate verification is strongly advised. See: https://urllib3.readthedocs.io/en/latest/advanced-usage.html#tls-warnings
  warnings.warn(</msg>
<msg timestamp="20231118 22:02:02.707" level="INFO">${RESPONSE} = &lt;Response [422]&gt;</msg>
<status status="PASS" starttime="20231118 22:02:02.203" endtime="20231118 22:02:02.707"/>
</kw>
<kw name="Evaluate" library="BuiltIn">
<var>${response_dict}</var>
<arg>json.loads('''${RESPONSE.text}''')</arg>
<doc>Evaluates the given expression in Python and returns the result.</doc>
<msg timestamp="20231118 22:02:02.709" level="INFO">${response_dict} = {'status': 422, 'message': "Validation error. Check 'errors' field for details.", 'errors': [{'field': 'cpf', 'message': 'invalid Brazilian individual taxpayer registry number (CPF)'}]}</msg>
<status status="PASS" starttime="20231118 22:02:02.708" endtime="20231118 22:02:02.709"/>
</kw>
<kw name="Set Suite Variable" library="BuiltIn">
<arg>${RESPONSE}</arg>
<doc>Makes a variable available everywhere within the scope of the current suite.</doc>
<msg timestamp="20231118 22:02:02.709" level="INFO">${RESPONSE} = &lt;Response [422]&gt;</msg>
<status status="PASS" starttime="20231118 22:02:02.709" endtime="20231118 22:02:02.709"/>
</kw>
<status status="PASS" starttime="20231118 22:02:02.199" endtime="20231118 22:02:02.709"/>
</kw>
<kw name="then Valido Status code" library="Pacientes">
<arg>422</arg>
<doc>Utiliza o reponse para validar o staus</doc>
<kw name="Get Variable Value" library="BuiltIn">
<var>${RESPONSE}</var>
<arg>${RESPONSE}</arg>
<doc>Returns variable value or ``default`` if the variable does not exist.</doc>
<msg timestamp="20231118 22:02:02.711" level="INFO">${RESPONSE} = &lt;Response [422]&gt;</msg>
<status status="PASS" starttime="20231118 22:02:02.711" endtime="20231118 22:02:02.711"/>
</kw>
<kw name="Should Be Equal As Strings" library="BuiltIn">
<arg>${RESPONSE.status_code}</arg>
<arg>${expected_status}</arg>
<doc>Fails if objects are unequal after converting them to strings.</doc>
<msg timestamp="20231118 22:02:02.712" level="INFO">Argument types are:
&lt;class 'int'&gt;
&lt;class 'str'&gt;</msg>
<status status="PASS" starttime="20231118 22:02:02.711" endtime="20231118 22:02:02.712"/>
</kw>
<status status="PASS" starttime="20231118 22:02:02.710" endtime="20231118 22:02:02.712"/>
</kw>
<tag>APIPacientes</tag>
<tag>Negativo</tag>
<tag>Regressão</tag>
<status status="PASS" starttime="20231118 22:02:02.198" endtime="20231118 22:02:02.713"/>
</test>
<test id="s1-s1-t4" name="Scenario 6: Aquele que eu tento criar um novo paciente um CEP invalido" line="37">
<kw name="Given Que eu tento cadastrar um paciente com CEP invalido" library="Pacientes">
<doc>Adicionando um novo paciente</doc>
<kw name="Gerando Novo Paciente CEP Invalido" library="PacienteFake">
<var>${PacienteData}</var>
<msg timestamp="20231118 22:02:02.721" level="INFO">{
    "nome": "Sarah",
    "sobrenome": "Rivera",
    "cpf": "51406100439",
    "idade": 34,
    "sexo": "Masculino",
    "contato": "+1-378-551-3932x98280",
    "logradouro": "017 Carpenter Turnpike Apt. 854",
    "numero": 57,
    "bairro": "Elizabethfort",
    "cep": "00000-000",
    "municipio": "Tanyaburgh",
    "estado": "NJ"
}</msg>
<msg timestamp="20231118 22:02:02.721" level="INFO">${PacienteData} = {
    "nome": "Sarah",
    "sobrenome": "Rivera",
    "cpf": "51406100439",
    "idade": 34,
    "sexo": "Masculino",
    "contato": "+1-378-551-3932x98280",
    "logradouro": "017 Carpenter Turnpike ...</msg>
<status status="PASS" starttime="20231118 22:02:02.717" endtime="20231118 22:02:02.721"/>
</kw>
<kw name="Log" library="BuiltIn">
<arg>PacienteData: ${PacienteData}</arg>
<doc>Logs the given message with the given level.</doc>
<msg timestamp="20231118 22:02:02.722" level="INFO">PacienteData: {
    "nome": "Sarah",
    "sobrenome": "Rivera",
    "cpf": "51406100439",
    "idade": 34,
    "sexo": "Masculino",
    "contato": "+1-378-551-3932x98280",
    "logradouro": "017 Carpenter Turnpike Apt. 854",
    "numero": 57,
    "bairro": "Elizabethfort",
    "cep": "00000-000",
    "municipio": "Tanyaburgh",
    "estado": "NJ"
}</msg>
<status status="PASS" starttime="20231118 22:02:02.721" endtime="20231118 22:02:02.722"/>
</kw>
<kw name="Create Session" library="RequestsLibrary">
<arg>alias=APIPacientes</arg>
<arg>url=${PACIENTE-BASEURL}/cadastrar</arg>
<doc>Create Session: create a HTTP session to a server</doc>
<msg timestamp="20231118 22:02:02.723" level="INFO">Creating Session using : alias=APIPacientes, url=https://api-pacientes-af7078c573aa.herokuapp.com/api/pacientes/cadastrar, headers={},                     cookies={}, auth=None, timeout=None, proxies=None, verify=False,                     debug=0 </msg>
<status status="PASS" starttime="20231118 22:02:02.722" endtime="20231118 22:02:02.723"/>
</kw>
<kw name="POST On Session" library="RequestsLibrary">
<var>${RESPONSE}</var>
<arg>expected_status=any</arg>
<arg>alias=APIPacientes</arg>
<arg>url=${PACIENTE-BASEURL}/cadastrar</arg>
<arg>data=${PacienteData}</arg>
<arg>headers=${headers}</arg>
<doc>Sends a POST request on a previously created HTTP Session.</doc>
<msg timestamp="20231118 22:02:03.221" level="INFO">POST Request : url=https://api-pacientes-af7078c573aa.herokuapp.com/api/pacientes/cadastrar 
 path_url=/api/pacientes/cadastrar 
 headers={'User-Agent': 'python-requests/2.31.0', 'Accept-Encoding': 'gzip, deflate', 'Accept': '*/*', 'Connection': 'keep-alive', 'Content-Type': 'application/json', 'Content-Length': '335'} 
 body={
    "nome": "Sarah",
    "sobrenome": "Rivera",
    "cpf": "51406100439",
    "idade": 34,
    "sexo": "Masculino",
    "contato": "+1-378-551-3932x98280",
    "logradouro": "017 Carpenter Turnpike Apt. 854",
    "numero": 57,
    "bairro": "Elizabethfort",
    "cep": "00000-000",
    "municipio": "Tanyaburgh",
    "estado": "NJ"
} 
 </msg>
<msg timestamp="20231118 22:02:03.221" level="INFO">POST Response : url=https://api-pacientes-af7078c573aa.herokuapp.com/api/pacientes/cadastrar 
 status=201, reason= 
 headers={'Server': 'Cowboy', 'Report-To': '{"group":"heroku-nel","max_age":3600,"endpoints":[{"url":"https://nel.heroku.com/reports?ts=1700355724&amp;sid=929419e7-33ea-4e2f-85f0-7d8b7cd5cbd6&amp;s=JeZTbHyLwbjQxmR8DrEfwUuszrrvK0fMHbJ381BJBe8%3D"}]}', 'Reporting-Endpoints': 'heroku-nel=https://nel.heroku.com/reports?ts=1700355724&amp;sid=929419e7-33ea-4e2f-85f0-7d8b7cd5cbd6&amp;s=JeZTbHyLwbjQxmR8DrEfwUuszrrvK0fMHbJ381BJBe8%3D', 'Nel': '{"report_to":"heroku-nel","max_age":3600,"success_fraction":0.005,"failure_fraction":0.05,"response_headers":["Via"]}', 'Connection': 'keep-alive', 'Vary': 'Origin, Access-Control-Request-Method, Access-Control-Request-Headers', 'Content-Type': 'application/json', 'Transfer-Encoding': 'chunked', 'Date': 'Sun, 19 Nov 2023 01:02:03 GMT', 'Via': '1.1 vegur'} 
 body={"id":"65595e8c82f89b53c9dbe0a5","nome":"Sarah","sobrenome":"Rivera","cpf":"51406100439","idade":34,"sexo":"Masculino","contato":"+1-378-551-3932x98280","logradouro":"017 Carpenter Turnpike Apt. 854","numero":"57","bairro":"Elizabethfort","cep":"00000-000","municipio":"Tanyaburgh","estado":"NJ"} 
 </msg>
<msg timestamp="20231118 22:02:03.221" level="INFO">C:\Users\mathe\AppData\Local\Programs\Python\Python312\Lib\site-packages\urllib3\connectionpool.py:1095: InsecureRequestWarning: Unverified HTTPS request is being made to host 'api-pacientes-af7078c573aa.herokuapp.com'. Adding certificate verification is strongly advised. See: https://urllib3.readthedocs.io/en/latest/advanced-usage.html#tls-warnings
  warnings.warn(</msg>
<msg timestamp="20231118 22:02:03.222" level="INFO">${RESPONSE} = &lt;Response [201]&gt;</msg>
<status status="PASS" starttime="20231118 22:02:02.724" endtime="20231118 22:02:03.222"/>
</kw>
<kw name="Set Suite Variable" library="BuiltIn">
<arg>${RESPONSE}</arg>
<doc>Makes a variable available everywhere within the scope of the current suite.</doc>
<msg timestamp="20231118 22:02:03.222" level="INFO">${RESPONSE} = &lt;Response [201]&gt;</msg>
<status status="PASS" starttime="20231118 22:02:03.222" endtime="20231118 22:02:03.222"/>
</kw>
<status status="PASS" starttime="20231118 22:02:02.716" endtime="20231118 22:02:03.222"/>
</kw>
<kw name="then Valido Status code" library="Pacientes">
<arg>201</arg>
<doc>Utiliza o reponse para validar o staus</doc>
<kw name="Get Variable Value" library="BuiltIn">
<var>${RESPONSE}</var>
<arg>${RESPONSE}</arg>
<doc>Returns variable value or ``default`` if the variable does not exist.</doc>
<msg timestamp="20231118 22:02:03.223" level="INFO">${RESPONSE} = &lt;Response [201]&gt;</msg>
<status status="PASS" starttime="20231118 22:02:03.223" endtime="20231118 22:02:03.223"/>
</kw>
<kw name="Should Be Equal As Strings" library="BuiltIn">
<arg>${RESPONSE.status_code}</arg>
<arg>${expected_status}</arg>
<doc>Fails if objects are unequal after converting them to strings.</doc>
<msg timestamp="20231118 22:02:03.224" level="INFO">Argument types are:
&lt;class 'int'&gt;
&lt;class 'str'&gt;</msg>
<status status="PASS" starttime="20231118 22:02:03.223" endtime="20231118 22:02:03.224"/>
</kw>
<status status="PASS" starttime="20231118 22:02:03.223" endtime="20231118 22:02:03.224"/>
</kw>
<tag>APIPacientes</tag>
<tag>Negativo</tag>
<tag>Regressão</tag>
<status status="PASS" starttime="20231118 22:02:02.715" endtime="20231118 22:02:03.225"/>
</test>
<test id="s1-s1-t5" name="Scenario 7: Aquele que eu edito um paciente" line="42">
<kw name="Given Que eu cadastro um novo paciente" library="Pacientes">
<doc>Adicionando um novo paciente</doc>
<kw name="Gerando Novo Paciente" library="PacienteFake">
<var>${PacienteData}</var>
<msg timestamp="20231118 22:02:03.230" level="INFO">{
    "nome": "Kathryn",
    "sobrenome": "Baldwin",
    "cpf": "50132096250",
    "idade": 6,
    "sexo": "Masculino",
    "contato": "617.328.5433",
    "logradouro": "0855 Evan Roads Suite 689",
    "numero": 2,
    "bairro": "New Kristymouth",
    "cep": "41299-150",
    "municipio": "Port Emilybury",
    "estado": "KY"
}</msg>
<msg timestamp="20231118 22:02:03.230" level="INFO">${PacienteData} = {
    "nome": "Kathryn",
    "sobrenome": "Baldwin",
    "cpf": "50132096250",
    "idade": 6,
    "sexo": "Masculino",
    "contato": "617.328.5433",
    "logradouro": "0855 Evan Roads Suite 689",
  ...</msg>
<status status="PASS" starttime="20231118 22:02:03.227" endtime="20231118 22:02:03.230"/>
</kw>
<kw name="Log" library="BuiltIn">
<arg>PacienteData: ${PacienteData}</arg>
<doc>Logs the given message with the given level.</doc>
<msg timestamp="20231118 22:02:03.230" level="INFO">PacienteData: {
    "nome": "Kathryn",
    "sobrenome": "Baldwin",
    "cpf": "50132096250",
    "idade": 6,
    "sexo": "Masculino",
    "contato": "617.328.5433",
    "logradouro": "0855 Evan Roads Suite 689",
    "numero": 2,
    "bairro": "New Kristymouth",
    "cep": "41299-150",
    "municipio": "Port Emilybury",
    "estado": "KY"
}</msg>
<status status="PASS" starttime="20231118 22:02:03.230" endtime="20231118 22:02:03.230"/>
</kw>
<kw name="Create Session" library="RequestsLibrary">
<arg>alias=APIPacientes</arg>
<arg>url=${PACIENTE-BASEURL}/cadastrar</arg>
<doc>Create Session: create a HTTP session to a server</doc>
<msg timestamp="20231118 22:02:03.231" level="INFO">Creating Session using : alias=APIPacientes, url=https://api-pacientes-af7078c573aa.herokuapp.com/api/pacientes/cadastrar, headers={},                     cookies={}, auth=None, timeout=None, proxies=None, verify=False,                     debug=0 </msg>
<status status="PASS" starttime="20231118 22:02:03.230" endtime="20231118 22:02:03.231"/>
</kw>
<kw name="POST On Session" library="RequestsLibrary">
<var>${RESPONSE}</var>
<arg>alias=APIPacientes</arg>
<arg>url=${PACIENTE-BASEURL}/cadastrar</arg>
<arg>data=${PacienteData}</arg>
<arg>headers=${headers}</arg>
<doc>Sends a POST request on a previously created HTTP Session.</doc>
<msg timestamp="20231118 22:02:03.751" level="INFO">POST Request : url=https://api-pacientes-af7078c573aa.herokuapp.com/api/pacientes/cadastrar 
 path_url=/api/pacientes/cadastrar 
 headers={'User-Agent': 'python-requests/2.31.0', 'Accept-Encoding': 'gzip, deflate', 'Accept': '*/*', 'Connection': 'keep-alive', 'Content-Type': 'application/json', 'Content-Length': '327'} 
 body={
    "nome": "Kathryn",
    "sobrenome": "Baldwin",
    "cpf": "50132096250",
    "idade": 6,
    "sexo": "Masculino",
    "contato": "617.328.5433",
    "logradouro": "0855 Evan Roads Suite 689",
    "numero": 2,
    "bairro": "New Kristymouth",
    "cep": "41299-150",
    "municipio": "Port Emilybury",
    "estado": "KY"
} 
 </msg>
<msg timestamp="20231118 22:02:03.752" level="INFO">POST Response : url=https://api-pacientes-af7078c573aa.herokuapp.com/api/pacientes/cadastrar 
 status=201, reason= 
 headers={'Server': 'Cowboy', 'Report-To': '{"group":"heroku-nel","max_age":3600,"endpoints":[{"url":"https://nel.heroku.com/reports?ts=1700355724&amp;sid=929419e7-33ea-4e2f-85f0-7d8b7cd5cbd6&amp;s=JeZTbHyLwbjQxmR8DrEfwUuszrrvK0fMHbJ381BJBe8%3D"}]}', 'Reporting-Endpoints': 'heroku-nel=https://nel.heroku.com/reports?ts=1700355724&amp;sid=929419e7-33ea-4e2f-85f0-7d8b7cd5cbd6&amp;s=JeZTbHyLwbjQxmR8DrEfwUuszrrvK0fMHbJ381BJBe8%3D', 'Nel': '{"report_to":"heroku-nel","max_age":3600,"success_fraction":0.005,"failure_fraction":0.05,"response_headers":["Via"]}', 'Connection': 'keep-alive', 'Vary': 'Origin, Access-Control-Request-Method, Access-Control-Request-Headers', 'Content-Type': 'application/json', 'Transfer-Encoding': 'chunked', 'Date': 'Sun, 19 Nov 2023 01:02:05 GMT', 'Via': '1.1 vegur'} 
 body={"id":"65595e8c82f89b53c9dbe0a6","nome":"Kathryn","sobrenome":"Baldwin","cpf":"50132096250","idade":6,"sexo":"Masculino","contato":"617.328.5433","logradouro":"0855 Evan Roads Suite 689","numero":"2","bairro":"New Kristymouth","cep":"41299-150","municipio":"Port Emilybury","estado":"KY"} 
 </msg>
<msg timestamp="20231118 22:02:03.752" level="INFO">C:\Users\mathe\AppData\Local\Programs\Python\Python312\Lib\site-packages\urllib3\connectionpool.py:1095: InsecureRequestWarning: Unverified HTTPS request is being made to host 'api-pacientes-af7078c573aa.herokuapp.com'. Adding certificate verification is strongly advised. See: https://urllib3.readthedocs.io/en/latest/advanced-usage.html#tls-warnings
  warnings.warn(</msg>
<msg timestamp="20231118 22:02:03.754" level="INFO">${RESPONSE} = &lt;Response [201]&gt;</msg>
<status status="PASS" starttime="20231118 22:02:03.231" endtime="20231118 22:02:03.755"/>
</kw>
<kw name="Evaluate" library="BuiltIn">
<var>${response_dict}</var>
<arg>json.loads('''${RESPONSE.text}''')</arg>
<doc>Evaluates the given expression in Python and returns the result.</doc>
<msg timestamp="20231118 22:02:03.757" level="INFO">${response_dict} = {'id': '65595e8c82f89b53c9dbe0a6', 'nome': 'Kathryn', 'sobrenome': 'Baldwin', 'cpf': '50132096250', 'idade': 6, 'sexo': 'Masculino', 'contato': '617.328.5433', 'logradouro': '0855 Evan Roads Suite 689...</msg>
<status status="PASS" starttime="20231118 22:02:03.755" endtime="20231118 22:02:03.757"/>
</kw>
<kw name="Log" library="BuiltIn">
<arg>PacienteData: ${response_dict}</arg>
<doc>Logs the given message with the given level.</doc>
<msg timestamp="20231118 22:02:03.758" level="INFO">PacienteData: {'id': '65595e8c82f89b53c9dbe0a6', 'nome': 'Kathryn', 'sobrenome': 'Baldwin', 'cpf': '50132096250', 'idade': 6, 'sexo': 'Masculino', 'contato': '617.328.5433', 'logradouro': '0855 Evan Roads Suite 689', 'numero': '2', 'bairro': 'New Kristymouth', 'cep': '41299-150', 'municipio': 'Port Emilybury', 'estado': 'KY'}</msg>
<status status="PASS" starttime="20231118 22:02:03.758" endtime="20231118 22:02:03.758"/>
</kw>
<kw name="Set Variable" library="BuiltIn">
<var>${PacienteNome}</var>
<arg>${response_dict["nome"]}</arg>
<doc>Returns the given values which can then be assigned to a variables.</doc>
<msg timestamp="20231118 22:02:03.760" level="INFO">${PacienteNome} = Kathryn</msg>
<status status="PASS" starttime="20231118 22:02:03.759" endtime="20231118 22:02:03.760"/>
</kw>
<kw name="Set Variable" library="BuiltIn">
<var>${PacienteSobrenome}</var>
<arg>${response_dict["sobrenome"]}</arg>
<doc>Returns the given values which can then be assigned to a variables.</doc>
<msg timestamp="20231118 22:02:03.762" level="INFO">${PacienteSobrenome} = Baldwin</msg>
<status status="PASS" starttime="20231118 22:02:03.760" endtime="20231118 22:02:03.762"/>
</kw>
<kw name="Set Suite Variable" library="BuiltIn">
<arg>${RESPONSE}</arg>
<doc>Makes a variable available everywhere within the scope of the current suite.</doc>
<msg timestamp="20231118 22:02:03.763" level="INFO">${RESPONSE} = &lt;Response [201]&gt;</msg>
<status status="PASS" starttime="20231118 22:02:03.762" endtime="20231118 22:02:03.763"/>
</kw>
<kw name="Set Suite Variable" library="BuiltIn">
<arg>${PacienteNome}</arg>
<doc>Makes a variable available everywhere within the scope of the current suite.</doc>
<msg timestamp="20231118 22:02:03.764" level="INFO">${PacienteNome} = Kathryn</msg>
<status status="PASS" starttime="20231118 22:02:03.763" endtime="20231118 22:02:03.764"/>
</kw>
<kw name="Set Suite Variable" library="BuiltIn">
<arg>${PacienteSobrenome}</arg>
<doc>Makes a variable available everywhere within the scope of the current suite.</doc>
<msg timestamp="20231118 22:02:03.765" level="INFO">${PacienteSobrenome} = Baldwin</msg>
<status status="PASS" starttime="20231118 22:02:03.764" endtime="20231118 22:02:03.765"/>
</kw>
<kw name="Set Global Variable" library="BuiltIn">
<arg>${PacienteID}</arg>
<arg>${response_dict["id"]}</arg>
<doc>Makes a variable available globally in all tests and suites.</doc>
<msg timestamp="20231118 22:02:03.766" level="INFO">${PacienteID} = 65595e8c82f89b53c9dbe0a6</msg>
<status status="PASS" starttime="20231118 22:02:03.765" endtime="20231118 22:02:03.766"/>
</kw>
<status status="PASS" starttime="20231118 22:02:03.227" endtime="20231118 22:02:03.766"/>
</kw>
<kw name="And Eu edito um paciente existente" library="Pacientes">
<kw name="Gerando Novo Paciente" library="PacienteFake">
<var>${PacienteData}</var>
<msg timestamp="20231118 22:02:03.772" level="INFO">{
    "nome": "Samuel",
    "sobrenome": "Scott",
    "cpf": "80160791219",
    "idade": 12,
    "sexo": "Feminino",
    "contato": "(694)940-8122x5702",
    "logradouro": "868 Jennifer Ville",
    "numero": 46,
    "bairro": "East Marilyn",
    "cep": "41299-150",
    "municipio": "Phamshire",
    "estado": "KY"
}</msg>
<msg timestamp="20231118 22:02:03.773" level="INFO">${PacienteData} = {
    "nome": "Samuel",
    "sobrenome": "Scott",
    "cpf": "80160791219",
    "idade": 12,
    "sexo": "Feminino",
    "contato": "(694)940-8122x5702",
    "logradouro": "868 Jennifer Ville",
    "n...</msg>
<status status="PASS" starttime="20231118 22:02:03.768" endtime="20231118 22:02:03.773"/>
</kw>
<kw name="Create Session" library="RequestsLibrary">
<arg>alias=APIPacientes</arg>
<arg>url=${PACIENTE-BASEURL}/${PacienteNome}/${PacienteSobrenome}</arg>
<doc>Create Session: create a HTTP session to a server</doc>
<msg timestamp="20231118 22:02:03.773" level="INFO">Creating Session using : alias=APIPacientes, url=https://api-pacientes-af7078c573aa.herokuapp.com/api/pacientes/Kathryn/Baldwin, headers={},                     cookies={}, auth=None, timeout=None, proxies=None, verify=False,                     debug=0 </msg>
<status status="PASS" starttime="20231118 22:02:03.773" endtime="20231118 22:02:03.775"/>
</kw>
<kw name="PUT On Session" library="RequestsLibrary">
<var>${RESPONSE}</var>
<arg>alias=APIPacientes</arg>
<arg>url=${PACIENTE-BASEURL}/${PacienteNome}/${PacienteSobrenome}</arg>
<arg>data=${PacienteData}</arg>
<arg>headers=${headers}</arg>
<doc>Sends a PUT request on a previously created HTTP Session.</doc>
<msg timestamp="20231118 22:02:04.292" level="INFO">PUT Request : url=https://api-pacientes-af7078c573aa.herokuapp.com/api/pacientes/Kathryn/Baldwin 
 path_url=/api/pacientes/Kathryn/Baldwin 
 headers={'User-Agent': 'python-requests/2.31.0', 'Accept-Encoding': 'gzip, deflate', 'Accept': '*/*', 'Connection': 'keep-alive', 'Content-Type': 'application/json', 'Content-Length': '316'} 
 body={
    "nome": "Samuel",
    "sobrenome": "Scott",
    "cpf": "80160791219",
    "idade": 12,
    "sexo": "Feminino",
    "contato": "(694)940-8122x5702",
    "logradouro": "868 Jennifer Ville",
    "numero": 46,
    "bairro": "East Marilyn",
    "cep": "41299-150",
    "municipio": "Phamshire",
    "estado": "KY"
} 
 </msg>
<msg timestamp="20231118 22:02:04.293" level="INFO">PUT Response : url=https://api-pacientes-af7078c573aa.herokuapp.com/api/pacientes/Kathryn/Baldwin 
 status=200, reason= 
 headers={'Server': 'Cowboy', 'Report-To': '{"group":"heroku-nel","max_age":3600,"endpoints":[{"url":"https://nel.heroku.com/reports?ts=1700355725&amp;sid=929419e7-33ea-4e2f-85f0-7d8b7cd5cbd6&amp;s=%2B2ssvLCwJ61Xlk6%2BDEJts6MJXdC8HtieOgRjXV4U1tc%3D"}]}', 'Reporting-Endpoints': 'heroku-nel=https://nel.heroku.com/reports?ts=1700355725&amp;sid=929419e7-33ea-4e2f-85f0-7d8b7cd5cbd6&amp;s=%2B2ssvLCwJ61Xlk6%2BDEJts6MJXdC8HtieOgRjXV4U1tc%3D', 'Nel': '{"report_to":"heroku-nel","max_age":3600,"success_fraction":0.005,"failure_fraction":0.05,"response_headers":["Via"]}', 'Connection': 'keep-alive', 'Vary': 'Origin, Access-Control-Request-Method, Access-Control-Request-Headers', 'Content-Type': 'application/json', 'Transfer-Encoding': 'chunked', 'Date': 'Sun, 19 Nov 2023 01:02:05 GMT', 'Via': '1.1 vegur'} 
 body={"id":"65595e8c82f89b53c9dbe0a6","nome":"Samuel","sobrenome":"Scott","cpf":"80160791219","idade":12,"sexo":"Feminino","contato":"(694)940-8122x5702","logradouro":"868 Jennifer Ville","numero":"46","bairro":"East Marilyn","cep":"41299-150","municipio":"Phamshire","estado":"KY"} 
 </msg>
<msg timestamp="20231118 22:02:04.293" level="INFO">C:\Users\mathe\AppData\Local\Programs\Python\Python312\Lib\site-packages\urllib3\connectionpool.py:1095: InsecureRequestWarning: Unverified HTTPS request is being made to host 'api-pacientes-af7078c573aa.herokuapp.com'. Adding certificate verification is strongly advised. See: https://urllib3.readthedocs.io/en/latest/advanced-usage.html#tls-warnings
  warnings.warn(</msg>
<msg timestamp="20231118 22:02:04.295" level="INFO">${RESPONSE} = &lt;Response [200]&gt;</msg>
<status status="PASS" starttime="20231118 22:02:03.775" endtime="20231118 22:02:04.295"/>
</kw>
<kw name="Evaluate" library="BuiltIn">
<var>${response_dict}</var>
<arg>json.loads('''${RESPONSE.text}''')</arg>
<doc>Evaluates the given expression in Python and returns the result.</doc>
<msg timestamp="20231118 22:02:04.297" level="INFO">${response_dict} = {'id': '65595e8c82f89b53c9dbe0a6', 'nome': 'Samuel', 'sobrenome': 'Scott', 'cpf': '80160791219', 'idade': 12, 'sexo': 'Feminino', 'contato': '(694)940-8122x5702', 'logradouro': '868 Jennifer Ville', '...</msg>
<status status="PASS" starttime="20231118 22:02:04.295" endtime="20231118 22:02:04.297"/>
</kw>
<kw name="Log" library="BuiltIn">
<arg>PacienteData: ${response_dict}</arg>
<doc>Logs the given message with the given level.</doc>
<msg timestamp="20231118 22:02:04.297" level="INFO">PacienteData: {'id': '65595e8c82f89b53c9dbe0a6', 'nome': 'Samuel', 'sobrenome': 'Scott', 'cpf': '80160791219', 'idade': 12, 'sexo': 'Feminino', 'contato': '(694)940-8122x5702', 'logradouro': '868 Jennifer Ville', 'numero': '46', 'bairro': 'East Marilyn', 'cep': '41299-150', 'municipio': 'Phamshire', 'estado': 'KY'}</msg>
<status status="PASS" starttime="20231118 22:02:04.297" endtime="20231118 22:02:04.297"/>
</kw>
<kw name="Set Suite Variable" library="BuiltIn">
<arg>${RESPONSE}</arg>
<doc>Makes a variable available everywhere within the scope of the current suite.</doc>
<msg timestamp="20231118 22:02:04.298" level="INFO">${RESPONSE} = &lt;Response [200]&gt;</msg>
<status status="PASS" starttime="20231118 22:02:04.297" endtime="20231118 22:02:04.298"/>
</kw>
<status status="PASS" starttime="20231118 22:02:03.767" endtime="20231118 22:02:04.298"/>
</kw>
<kw name="then Valido Status code" library="Pacientes">
<arg>200</arg>
<doc>Utiliza o reponse para validar o staus</doc>
<kw name="Get Variable Value" library="BuiltIn">
<var>${RESPONSE}</var>
<arg>${RESPONSE}</arg>
<doc>Returns variable value or ``default`` if the variable does not exist.</doc>
<msg timestamp="20231118 22:02:04.300" level="INFO">${RESPONSE} = &lt;Response [200]&gt;</msg>
<status status="PASS" starttime="20231118 22:02:04.299" endtime="20231118 22:02:04.300"/>
</kw>
<kw name="Should Be Equal As Strings" library="BuiltIn">
<arg>${RESPONSE.status_code}</arg>
<arg>${expected_status}</arg>
<doc>Fails if objects are unequal after converting them to strings.</doc>
<msg timestamp="20231118 22:02:04.301" level="INFO">Argument types are:
&lt;class 'int'&gt;
&lt;class 'str'&gt;</msg>
<status status="PASS" starttime="20231118 22:02:04.300" endtime="20231118 22:02:04.301"/>
</kw>
<status status="PASS" starttime="20231118 22:02:04.299" endtime="20231118 22:02:04.301"/>
</kw>
<tag>APIPacientes</tag>
<tag>Regressão</tag>
<status status="PASS" starttime="20231118 22:02:03.226" endtime="20231118 22:02:04.302"/>
</test>
<test id="s1-s1-t6" name="Scenario 8: Aquele que eu deleto um paciente" line="48">
<kw name="Given Que eu cadastro um novo paciente" library="Pacientes">
<doc>Adicionando um novo paciente</doc>
<kw name="Gerando Novo Paciente" library="PacienteFake">
<var>${PacienteData}</var>
<msg timestamp="20231118 22:02:04.310" level="INFO">{
    "nome": "Sarah",
    "sobrenome": "Fleming",
    "cpf": "82175662241",
    "idade": 66,
    "sexo": "Masculino",
    "contato": "893-329-0832",
    "logradouro": "64456 Payne Hill Suite 990",
    "numero": 63,
    "bairro": "Barrettview",
    "cep": "41299-150",
    "municipio": "South David",
    "estado": "IA"
}</msg>
<msg timestamp="20231118 22:02:04.311" level="INFO">${PacienteData} = {
    "nome": "Sarah",
    "sobrenome": "Fleming",
    "cpf": "82175662241",
    "idade": 66,
    "sexo": "Masculino",
    "contato": "893-329-0832",
    "logradouro": "64456 Payne Hill Suite 990",
  ...</msg>
<status status="PASS" starttime="20231118 22:02:04.306" endtime="20231118 22:02:04.311"/>
</kw>
<kw name="Log" library="BuiltIn">
<arg>PacienteData: ${PacienteData}</arg>
<doc>Logs the given message with the given level.</doc>
<msg timestamp="20231118 22:02:04.311" level="INFO">PacienteData: {
    "nome": "Sarah",
    "sobrenome": "Fleming",
    "cpf": "82175662241",
    "idade": 66,
    "sexo": "Masculino",
    "contato": "893-329-0832",
    "logradouro": "64456 Payne Hill Suite 990",
    "numero": 63,
    "bairro": "Barrettview",
    "cep": "41299-150",
    "municipio": "South David",
    "estado": "IA"
}</msg>
<status status="PASS" starttime="20231118 22:02:04.311" endtime="20231118 22:02:04.311"/>
</kw>
<kw name="Create Session" library="RequestsLibrary">
<arg>alias=APIPacientes</arg>
<arg>url=${PACIENTE-BASEURL}/cadastrar</arg>
<doc>Create Session: create a HTTP session to a server</doc>
<msg timestamp="20231118 22:02:04.312" level="INFO">Creating Session using : alias=APIPacientes, url=https://api-pacientes-af7078c573aa.herokuapp.com/api/pacientes/cadastrar, headers={},                     cookies={}, auth=None, timeout=None, proxies=None, verify=False,                     debug=0 </msg>
<status status="PASS" starttime="20231118 22:02:04.312" endtime="20231118 22:02:04.312"/>
</kw>
<kw name="POST On Session" library="RequestsLibrary">
<var>${RESPONSE}</var>
<arg>alias=APIPacientes</arg>
<arg>url=${PACIENTE-BASEURL}/cadastrar</arg>
<arg>data=${PacienteData}</arg>
<arg>headers=${headers}</arg>
<doc>Sends a POST request on a previously created HTTP Session.</doc>
<msg timestamp="20231118 22:02:04.811" level="INFO">POST Request : url=https://api-pacientes-af7078c573aa.herokuapp.com/api/pacientes/cadastrar 
 path_url=/api/pacientes/cadastrar 
 headers={'User-Agent': 'python-requests/2.31.0', 'Accept-Encoding': 'gzip, deflate', 'Accept': '*/*', 'Connection': 'keep-alive', 'Content-Type': 'application/json', 'Content-Length': '321'} 
 body={
    "nome": "Sarah",
    "sobrenome": "Fleming",
    "cpf": "82175662241",
    "idade": 66,
    "sexo": "Masculino",
    "contato": "893-329-0832",
    "logradouro": "64456 Payne Hill Suite 990",
    "numero": 63,
    "bairro": "Barrettview",
    "cep": "41299-150",
    "municipio": "South David",
    "estado": "IA"
} 
 </msg>
<msg timestamp="20231118 22:02:04.811" level="INFO">POST Response : url=https://api-pacientes-af7078c573aa.herokuapp.com/api/pacientes/cadastrar 
 status=201, reason= 
 headers={'Server': 'Cowboy', 'Report-To': '{"group":"heroku-nel","max_age":3600,"endpoints":[{"url":"https://nel.heroku.com/reports?ts=1700355726&amp;sid=929419e7-33ea-4e2f-85f0-7d8b7cd5cbd6&amp;s=01YJkT2Xzl3ifqQUaiwzDjKEC2bE0mj9VFvOgLWxb4c%3D"}]}', 'Reporting-Endpoints': 'heroku-nel=https://nel.heroku.com/reports?ts=1700355726&amp;sid=929419e7-33ea-4e2f-85f0-7d8b7cd5cbd6&amp;s=01YJkT2Xzl3ifqQUaiwzDjKEC2bE0mj9VFvOgLWxb4c%3D', 'Nel': '{"report_to":"heroku-nel","max_age":3600,"success_fraction":0.005,"failure_fraction":0.05,"response_headers":["Via"]}', 'Connection': 'keep-alive', 'Vary': 'Origin, Access-Control-Request-Method, Access-Control-Request-Headers', 'Content-Type': 'application/json', 'Transfer-Encoding': 'chunked', 'Date': 'Sun, 19 Nov 2023 01:02:06 GMT', 'Via': '1.1 vegur'} 
 body={"id":"65595e8e82f89b53c9dbe0a7","nome":"Sarah","sobrenome":"Fleming","cpf":"82175662241","idade":66,"sexo":"Masculino","contato":"893-329-0832","logradouro":"64456 Payne Hill Suite 990","numero":"63","bairro":"Barrettview","cep":"41299-150","municipio":"South David","estado":"IA"} 
 </msg>
<msg timestamp="20231118 22:02:04.811" level="INFO">C:\Users\mathe\AppData\Local\Programs\Python\Python312\Lib\site-packages\urllib3\connectionpool.py:1095: InsecureRequestWarning: Unverified HTTPS request is being made to host 'api-pacientes-af7078c573aa.herokuapp.com'. Adding certificate verification is strongly advised. See: https://urllib3.readthedocs.io/en/latest/advanced-usage.html#tls-warnings
  warnings.warn(</msg>
<msg timestamp="20231118 22:02:04.812" level="INFO">${RESPONSE} = &lt;Response [201]&gt;</msg>
<status status="PASS" starttime="20231118 22:02:04.312" endtime="20231118 22:02:04.812"/>
</kw>
<kw name="Evaluate" library="BuiltIn">
<var>${response_dict}</var>
<arg>json.loads('''${RESPONSE.text}''')</arg>
<doc>Evaluates the given expression in Python and returns the result.</doc>
<msg timestamp="20231118 22:02:04.812" level="INFO">${response_dict} = {'id': '65595e8e82f89b53c9dbe0a7', 'nome': 'Sarah', 'sobrenome': 'Fleming', 'cpf': '82175662241', 'idade': 66, 'sexo': 'Masculino', 'contato': '893-329-0832', 'logradouro': '64456 Payne Hill Suite 990...</msg>
<status status="PASS" starttime="20231118 22:02:04.812" endtime="20231118 22:02:04.812"/>
</kw>
<kw name="Log" library="BuiltIn">
<arg>PacienteData: ${response_dict}</arg>
<doc>Logs the given message with the given level.</doc>
<msg timestamp="20231118 22:02:04.813" level="INFO">PacienteData: {'id': '65595e8e82f89b53c9dbe0a7', 'nome': 'Sarah', 'sobrenome': 'Fleming', 'cpf': '82175662241', 'idade': 66, 'sexo': 'Masculino', 'contato': '893-329-0832', 'logradouro': '64456 Payne Hill Suite 990', 'numero': '63', 'bairro': 'Barrettview', 'cep': '41299-150', 'municipio': 'South David', 'estado': 'IA'}</msg>
<status status="PASS" starttime="20231118 22:02:04.813" endtime="20231118 22:02:04.813"/>
</kw>
<kw name="Set Variable" library="BuiltIn">
<var>${PacienteNome}</var>
<arg>${response_dict["nome"]}</arg>
<doc>Returns the given values which can then be assigned to a variables.</doc>
<msg timestamp="20231118 22:02:04.814" level="INFO">${PacienteNome} = Sarah</msg>
<status status="PASS" starttime="20231118 22:02:04.813" endtime="20231118 22:02:04.814"/>
</kw>
<kw name="Set Variable" library="BuiltIn">
<var>${PacienteSobrenome}</var>
<arg>${response_dict["sobrenome"]}</arg>
<doc>Returns the given values which can then be assigned to a variables.</doc>
<msg timestamp="20231118 22:02:04.815" level="INFO">${PacienteSobrenome} = Fleming</msg>
<status status="PASS" starttime="20231118 22:02:04.814" endtime="20231118 22:02:04.815"/>
</kw>
<kw name="Set Suite Variable" library="BuiltIn">
<arg>${RESPONSE}</arg>
<doc>Makes a variable available everywhere within the scope of the current suite.</doc>
<msg timestamp="20231118 22:02:04.815" level="INFO">${RESPONSE} = &lt;Response [201]&gt;</msg>
<status status="PASS" starttime="20231118 22:02:04.815" endtime="20231118 22:02:04.815"/>
</kw>
<kw name="Set Suite Variable" library="BuiltIn">
<arg>${PacienteNome}</arg>
<doc>Makes a variable available everywhere within the scope of the current suite.</doc>
<msg timestamp="20231118 22:02:04.816" level="INFO">${PacienteNome} = Sarah</msg>
<status status="PASS" starttime="20231118 22:02:04.815" endtime="20231118 22:02:04.816"/>
</kw>
<kw name="Set Suite Variable" library="BuiltIn">
<arg>${PacienteSobrenome}</arg>
<doc>Makes a variable available everywhere within the scope of the current suite.</doc>
<msg timestamp="20231118 22:02:04.816" level="INFO">${PacienteSobrenome} = Fleming</msg>
<status status="PASS" starttime="20231118 22:02:04.816" endtime="20231118 22:02:04.816"/>
</kw>
<kw name="Set Global Variable" library="BuiltIn">
<arg>${PacienteID}</arg>
<arg>${response_dict["id"]}</arg>
<doc>Makes a variable available globally in all tests and suites.</doc>
<msg timestamp="20231118 22:02:04.817" level="INFO">${PacienteID} = 65595e8e82f89b53c9dbe0a7</msg>
<status status="PASS" starttime="20231118 22:02:04.816" endtime="20231118 22:02:04.817"/>
</kw>
<status status="PASS" starttime="20231118 22:02:04.306" endtime="20231118 22:02:04.817"/>
</kw>
<kw name="Then Que eu deleto um paciente" library="Pacientes">
<doc>Remove o paciente criado utilizando o nome e sobrenome</doc>
<kw name="Create Session" library="RequestsLibrary">
<arg>alias=APIPacientes</arg>
<arg>url=${PACIENTE-BASEURL}/excluir/${PacienteNome}/${PacienteSobrenome}</arg>
<doc>Create Session: create a HTTP session to a server</doc>
<msg timestamp="20231118 22:02:04.818" level="INFO">Creating Session using : alias=APIPacientes, url=https://api-pacientes-af7078c573aa.herokuapp.com/api/pacientes/excluir/Sarah/Fleming, headers={},                     cookies={}, auth=None, timeout=None, proxies=None, verify=False,                     debug=0 </msg>
<status status="PASS" starttime="20231118 22:02:04.817" endtime="20231118 22:02:04.818"/>
</kw>
<kw name="DELETE On Session" library="RequestsLibrary">
<var>${RESPONSE}</var>
<arg>alias=APIPacientes</arg>
<arg>url=${PACIENTE-BASEURL}/excluir/${PacienteNome}/${PacienteSobrenome}</arg>
<doc>Sends a DELETE request on a previously created HTTP Session.</doc>
<msg timestamp="20231118 22:02:05.330" level="INFO">DELETE Request : url=https://api-pacientes-af7078c573aa.herokuapp.com/api/pacientes/excluir/Sarah/Fleming 
 path_url=/api/pacientes/excluir/Sarah/Fleming 
 headers={'User-Agent': 'python-requests/2.31.0', 'Accept-Encoding': 'gzip, deflate', 'Accept': '*/*', 'Connection': 'keep-alive', 'Content-Length': '0'} 
 body=None 
 </msg>
<msg timestamp="20231118 22:02:05.330" level="INFO">DELETE Response : url=https://api-pacientes-af7078c573aa.herokuapp.com/api/pacientes/excluir/Sarah/Fleming 
 status=204, reason= 
 headers={'Server': 'Cowboy', 'Content-Length': '0', 'Report-To': '{"group":"heroku-nel","max_age":3600,"endpoints":[{"url":"https://nel.heroku.com/reports?ts=1700355726&amp;sid=929419e7-33ea-4e2f-85f0-7d8b7cd5cbd6&amp;s=01YJkT2Xzl3ifqQUaiwzDjKEC2bE0mj9VFvOgLWxb4c%3D"}]}', 'Reporting-Endpoints': 'heroku-nel=https://nel.heroku.com/reports?ts=1700355726&amp;sid=929419e7-33ea-4e2f-85f0-7d8b7cd5cbd6&amp;s=01YJkT2Xzl3ifqQUaiwzDjKEC2bE0mj9VFvOgLWxb4c%3D', 'Nel': '{"report_to":"heroku-nel","max_age":3600,"success_fraction":0.005,"failure_fraction":0.05,"response_headers":["Via"]}', 'Connection': 'keep-alive', 'Vary': 'Origin, Access-Control-Request-Method, Access-Control-Request-Headers', 'Date': 'Sun, 19 Nov 2023 01:02:06 GMT', 'Via': '1.1 vegur'} 
 body=None 
 </msg>
<msg timestamp="20231118 22:02:05.330" level="INFO">C:\Users\mathe\AppData\Local\Programs\Python\Python312\Lib\site-packages\urllib3\connectionpool.py:1095: InsecureRequestWarning: Unverified HTTPS request is being made to host 'api-pacientes-af7078c573aa.herokuapp.com'. Adding certificate verification is strongly advised. See: https://urllib3.readthedocs.io/en/latest/advanced-usage.html#tls-warnings
  warnings.warn(</msg>
<msg timestamp="20231118 22:02:05.331" level="INFO">${RESPONSE} = &lt;Response [204]&gt;</msg>
<status status="PASS" starttime="20231118 22:02:04.818" endtime="20231118 22:02:05.331"/>
</kw>
<kw name="Set Suite Variable" library="BuiltIn">
<arg>${RESPONSE}</arg>
<doc>Makes a variable available everywhere within the scope of the current suite.</doc>
<msg timestamp="20231118 22:02:05.332" level="INFO">${RESPONSE} = &lt;Response [204]&gt;</msg>
<status status="PASS" starttime="20231118 22:02:05.331" endtime="20231118 22:02:05.332"/>
</kw>
<status status="PASS" starttime="20231118 22:02:04.817" endtime="20231118 22:02:05.332"/>
</kw>
<kw name="then Valido Status code" library="Pacientes">
<arg>204</arg>
<doc>Utiliza o reponse para validar o staus</doc>
<kw name="Get Variable Value" library="BuiltIn">
<var>${RESPONSE}</var>
<arg>${RESPONSE}</arg>
<doc>Returns variable value or ``default`` if the variable does not exist.</doc>
<msg timestamp="20231118 22:02:05.333" level="INFO">${RESPONSE} = &lt;Response [204]&gt;</msg>
<status status="PASS" starttime="20231118 22:02:05.332" endtime="20231118 22:02:05.333"/>
</kw>
<kw name="Should Be Equal As Strings" library="BuiltIn">
<arg>${RESPONSE.status_code}</arg>
<arg>${expected_status}</arg>
<doc>Fails if objects are unequal after converting them to strings.</doc>
<msg timestamp="20231118 22:02:05.333" level="INFO">Argument types are:
&lt;class 'int'&gt;
&lt;class 'str'&gt;</msg>
<status status="PASS" starttime="20231118 22:02:05.333" endtime="20231118 22:02:05.333"/>
</kw>
<status status="PASS" starttime="20231118 22:02:05.332" endtime="20231118 22:02:05.333"/>
</kw>
<tag>APIPacientes</tag>
<tag>Regressão</tag>
<status status="PASS" starttime="20231118 22:02:04.305" endtime="20231118 22:02:05.333"/>
</test>
<test id="s1-s1-t7" name="Scenario 9: Aquele que apos remover um paciente eu tento removê-lo novamente" line="55">
<kw name="Given Que eu cadastro um novo paciente" library="Pacientes">
<doc>Adicionando um novo paciente</doc>
<kw name="Gerando Novo Paciente" library="PacienteFake">
<var>${PacienteData}</var>
<msg timestamp="20231118 22:02:05.338" level="INFO">{
    "nome": "Maxwell",
    "sobrenome": "Williams",
    "cpf": "70544737440",
    "idade": 35,
    "sexo": "Feminino",
    "contato": "+1-234-995-0350",
    "logradouro": "385 Parker Causeway Apt. 754",
    "numero": 90,
    "bairro": "New Amandamouth",
    "cep": "41299-150",
    "municipio": "East Joseph",
    "estado": "PW"
}</msg>
<msg timestamp="20231118 22:02:05.338" level="INFO">${PacienteData} = {
    "nome": "Maxwell",
    "sobrenome": "Williams",
    "cpf": "70544737440",
    "idade": 35,
    "sexo": "Feminino",
    "contato": "+1-234-995-0350",
    "logradouro": "385 Parker Causeway Apt. 7...</msg>
<status status="PASS" starttime="20231118 22:02:05.336" endtime="20231118 22:02:05.338"/>
</kw>
<kw name="Log" library="BuiltIn">
<arg>PacienteData: ${PacienteData}</arg>
<doc>Logs the given message with the given level.</doc>
<msg timestamp="20231118 22:02:05.339" level="INFO">PacienteData: {
    "nome": "Maxwell",
    "sobrenome": "Williams",
    "cpf": "70544737440",
    "idade": 35,
    "sexo": "Feminino",
    "contato": "+1-234-995-0350",
    "logradouro": "385 Parker Causeway Apt. 754",
    "numero": 90,
    "bairro": "New Amandamouth",
    "cep": "41299-150",
    "municipio": "East Joseph",
    "estado": "PW"
}</msg>
<status status="PASS" starttime="20231118 22:02:05.339" endtime="20231118 22:02:05.339"/>
</kw>
<kw name="Create Session" library="RequestsLibrary">
<arg>alias=APIPacientes</arg>
<arg>url=${PACIENTE-BASEURL}/cadastrar</arg>
<doc>Create Session: create a HTTP session to a server</doc>
<msg timestamp="20231118 22:02:05.339" level="INFO">Creating Session using : alias=APIPacientes, url=https://api-pacientes-af7078c573aa.herokuapp.com/api/pacientes/cadastrar, headers={},                     cookies={}, auth=None, timeout=None, proxies=None, verify=False,                     debug=0 </msg>
<status status="PASS" starttime="20231118 22:02:05.339" endtime="20231118 22:02:05.340"/>
</kw>
<kw name="POST On Session" library="RequestsLibrary">
<var>${RESPONSE}</var>
<arg>alias=APIPacientes</arg>
<arg>url=${PACIENTE-BASEURL}/cadastrar</arg>
<arg>data=${PacienteData}</arg>
<arg>headers=${headers}</arg>
<doc>Sends a POST request on a previously created HTTP Session.</doc>
<msg timestamp="20231118 22:02:05.842" level="INFO">POST Request : url=https://api-pacientes-af7078c573aa.herokuapp.com/api/pacientes/cadastrar 
 path_url=/api/pacientes/cadastrar 
 headers={'User-Agent': 'python-requests/2.31.0', 'Accept-Encoding': 'gzip, deflate', 'Accept': '*/*', 'Connection': 'keep-alive', 'Content-Type': 'application/json', 'Content-Length': '332'} 
 body={
    "nome": "Maxwell",
    "sobrenome": "Williams",
    "cpf": "70544737440",
    "idade": 35,
    "sexo": "Feminino",
    "contato": "+1-234-995-0350",
    "logradouro": "385 Parker Causeway Apt. 754",
    "numero": 90,
    "bairro": "New Amandamouth",
    "cep": "41299-150",
    "municipio": "East Joseph",
    "estado": "PW"
} 
 </msg>
<msg timestamp="20231118 22:02:05.842" level="INFO">POST Response : url=https://api-pacientes-af7078c573aa.herokuapp.com/api/pacientes/cadastrar 
 status=201, reason= 
 headers={'Server': 'Cowboy', 'Report-To': '{"group":"heroku-nel","max_age":3600,"endpoints":[{"url":"https://nel.heroku.com/reports?ts=1700355727&amp;sid=929419e7-33ea-4e2f-85f0-7d8b7cd5cbd6&amp;s=%2B1TmYGyBybKq3AeN6xtwHnTxIPmroWsjop0TI7hxf%2Bc%3D"}]}', 'Reporting-Endpoints': 'heroku-nel=https://nel.heroku.com/reports?ts=1700355727&amp;sid=929419e7-33ea-4e2f-85f0-7d8b7cd5cbd6&amp;s=%2B1TmYGyBybKq3AeN6xtwHnTxIPmroWsjop0TI7hxf%2Bc%3D', 'Nel': '{"report_to":"heroku-nel","max_age":3600,"success_fraction":0.005,"failure_fraction":0.05,"response_headers":["Via"]}', 'Connection': 'keep-alive', 'Vary': 'Origin, Access-Control-Request-Method, Access-Control-Request-Headers', 'Content-Type': 'application/json', 'Transfer-Encoding': 'chunked', 'Date': 'Sun, 19 Nov 2023 01:02:07 GMT', 'Via': '1.1 vegur'} 
 body={"id":"65595e8f82f89b53c9dbe0a8","nome":"Maxwell","sobrenome":"Williams","cpf":"70544737440","idade":35,"sexo":"Feminino","contato":"+1-234-995-0350","logradouro":"385 Parker Causeway Apt. 754","numero":"90","bairro":"New Amandamouth","cep":"41299-150","municipio":"East Joseph","estado":"PW"} 
 </msg>
<msg timestamp="20231118 22:02:05.842" level="INFO">C:\Users\mathe\AppData\Local\Programs\Python\Python312\Lib\site-packages\urllib3\connectionpool.py:1095: InsecureRequestWarning: Unverified HTTPS request is being made to host 'api-pacientes-af7078c573aa.herokuapp.com'. Adding certificate verification is strongly advised. See: https://urllib3.readthedocs.io/en/latest/advanced-usage.html#tls-warnings
  warnings.warn(</msg>
<msg timestamp="20231118 22:02:05.843" level="INFO">${RESPONSE} = &lt;Response [201]&gt;</msg>
<status status="PASS" starttime="20231118 22:02:05.340" endtime="20231118 22:02:05.843"/>
</kw>
<kw name="Evaluate" library="BuiltIn">
<var>${response_dict}</var>
<arg>json.loads('''${RESPONSE.text}''')</arg>
<doc>Evaluates the given expression in Python and returns the result.</doc>
<msg timestamp="20231118 22:02:05.844" level="INFO">${response_dict} = {'id': '65595e8f82f89b53c9dbe0a8', 'nome': 'Maxwell', 'sobrenome': 'Williams', 'cpf': '70544737440', 'idade': 35, 'sexo': 'Feminino', 'contato': '+1-234-995-0350', 'logradouro': '385 Parker Causeway A...</msg>
<status status="PASS" starttime="20231118 22:02:05.843" endtime="20231118 22:02:05.844"/>
</kw>
<kw name="Log" library="BuiltIn">
<arg>PacienteData: ${response_dict}</arg>
<doc>Logs the given message with the given level.</doc>
<msg timestamp="20231118 22:02:05.844" level="INFO">PacienteData: {'id': '65595e8f82f89b53c9dbe0a8', 'nome': 'Maxwell', 'sobrenome': 'Williams', 'cpf': '70544737440', 'idade': 35, 'sexo': 'Feminino', 'contato': '+1-234-995-0350', 'logradouro': '385 Parker Causeway Apt. 754', 'numero': '90', 'bairro': 'New Amandamouth', 'cep': '41299-150', 'municipio': 'East Joseph', 'estado': 'PW'}</msg>
<status status="PASS" starttime="20231118 22:02:05.844" endtime="20231118 22:02:05.844"/>
</kw>
<kw name="Set Variable" library="BuiltIn">
<var>${PacienteNome}</var>
<arg>${response_dict["nome"]}</arg>
<doc>Returns the given values which can then be assigned to a variables.</doc>
<msg timestamp="20231118 22:02:05.845" level="INFO">${PacienteNome} = Maxwell</msg>
<status status="PASS" starttime="20231118 22:02:05.844" endtime="20231118 22:02:05.845"/>
</kw>
<kw name="Set Variable" library="BuiltIn">
<var>${PacienteSobrenome}</var>
<arg>${response_dict["sobrenome"]}</arg>
<doc>Returns the given values which can then be assigned to a variables.</doc>
<msg timestamp="20231118 22:02:05.856" level="INFO">${PacienteSobrenome} = Williams</msg>
<status status="PASS" starttime="20231118 22:02:05.845" endtime="20231118 22:02:05.856"/>
</kw>
<kw name="Set Suite Variable" library="BuiltIn">
<arg>${RESPONSE}</arg>
<doc>Makes a variable available everywhere within the scope of the current suite.</doc>
<msg timestamp="20231118 22:02:05.857" level="INFO">${RESPONSE} = &lt;Response [201]&gt;</msg>
<status status="PASS" starttime="20231118 22:02:05.856" endtime="20231118 22:02:05.857"/>
</kw>
<kw name="Set Suite Variable" library="BuiltIn">
<arg>${PacienteNome}</arg>
<doc>Makes a variable available everywhere within the scope of the current suite.</doc>
<msg timestamp="20231118 22:02:05.857" level="INFO">${PacienteNome} = Maxwell</msg>
<status status="PASS" starttime="20231118 22:02:05.857" endtime="20231118 22:02:05.857"/>
</kw>
<kw name="Set Suite Variable" library="BuiltIn">
<arg>${PacienteSobrenome}</arg>
<doc>Makes a variable available everywhere within the scope of the current suite.</doc>
<msg timestamp="20231118 22:02:05.858" level="INFO">${PacienteSobrenome} = Williams</msg>
<status status="PASS" starttime="20231118 22:02:05.857" endtime="20231118 22:02:05.858"/>
</kw>
<kw name="Set Global Variable" library="BuiltIn">
<arg>${PacienteID}</arg>
<arg>${response_dict["id"]}</arg>
<doc>Makes a variable available globally in all tests and suites.</doc>
<msg timestamp="20231118 22:02:05.858" level="INFO">${PacienteID} = 65595e8f82f89b53c9dbe0a8</msg>
<status status="PASS" starttime="20231118 22:02:05.858" endtime="20231118 22:02:05.859"/>
</kw>
<status status="PASS" starttime="20231118 22:02:05.336" endtime="20231118 22:02:05.859"/>
</kw>
<kw name="and Que eu deleto um paciente" library="Pacientes">
<doc>Remove o paciente criado utilizando o nome e sobrenome</doc>
<kw name="Create Session" library="RequestsLibrary">
<arg>alias=APIPacientes</arg>
<arg>url=${PACIENTE-BASEURL}/excluir/${PacienteNome}/${PacienteSobrenome}</arg>
<doc>Create Session: create a HTTP session to a server</doc>
<msg timestamp="20231118 22:02:05.860" level="INFO">Creating Session using : alias=APIPacientes, url=https://api-pacientes-af7078c573aa.herokuapp.com/api/pacientes/excluir/Maxwell/Williams, headers={},                     cookies={}, auth=None, timeout=None, proxies=None, verify=False,                     debug=0 </msg>
<status status="PASS" starttime="20231118 22:02:05.860" endtime="20231118 22:02:05.860"/>
</kw>
<kw name="DELETE On Session" library="RequestsLibrary">
<var>${RESPONSE}</var>
<arg>alias=APIPacientes</arg>
<arg>url=${PACIENTE-BASEURL}/excluir/${PacienteNome}/${PacienteSobrenome}</arg>
<doc>Sends a DELETE request on a previously created HTTP Session.</doc>
<msg timestamp="20231118 22:02:06.384" level="INFO">DELETE Request : url=https://api-pacientes-af7078c573aa.herokuapp.com/api/pacientes/excluir/Maxwell/Williams 
 path_url=/api/pacientes/excluir/Maxwell/Williams 
 headers={'User-Agent': 'python-requests/2.31.0', 'Accept-Encoding': 'gzip, deflate', 'Accept': '*/*', 'Connection': 'keep-alive', 'Content-Length': '0'} 
 body=None 
 </msg>
<msg timestamp="20231118 22:02:06.384" level="INFO">DELETE Response : url=https://api-pacientes-af7078c573aa.herokuapp.com/api/pacientes/excluir/Maxwell/Williams 
 status=204, reason= 
 headers={'Server': 'Cowboy', 'Content-Length': '0', 'Report-To': '{"group":"heroku-nel","max_age":3600,"endpoints":[{"url":"https://nel.heroku.com/reports?ts=1700355727&amp;sid=929419e7-33ea-4e2f-85f0-7d8b7cd5cbd6&amp;s=%2B1TmYGyBybKq3AeN6xtwHnTxIPmroWsjop0TI7hxf%2Bc%3D"}]}', 'Reporting-Endpoints': 'heroku-nel=https://nel.heroku.com/reports?ts=1700355727&amp;sid=929419e7-33ea-4e2f-85f0-7d8b7cd5cbd6&amp;s=%2B1TmYGyBybKq3AeN6xtwHnTxIPmroWsjop0TI7hxf%2Bc%3D', 'Nel': '{"report_to":"heroku-nel","max_age":3600,"success_fraction":0.005,"failure_fraction":0.05,"response_headers":["Via"]}', 'Connection': 'keep-alive', 'Vary': 'Origin, Access-Control-Request-Method, Access-Control-Request-Headers', 'Date': 'Sun, 19 Nov 2023 01:02:07 GMT', 'Via': '1.1 vegur'} 
 body=None 
 </msg>
<msg timestamp="20231118 22:02:06.384" level="INFO">C:\Users\mathe\AppData\Local\Programs\Python\Python312\Lib\site-packages\urllib3\connectionpool.py:1095: InsecureRequestWarning: Unverified HTTPS request is being made to host 'api-pacientes-af7078c573aa.herokuapp.com'. Adding certificate verification is strongly advised. See: https://urllib3.readthedocs.io/en/latest/advanced-usage.html#tls-warnings
  warnings.warn(</msg>
<msg timestamp="20231118 22:02:06.386" level="INFO">${RESPONSE} = &lt;Response [204]&gt;</msg>
<status status="PASS" starttime="20231118 22:02:05.860" endtime="20231118 22:02:06.386"/>
</kw>
<kw name="Set Suite Variable" library="BuiltIn">
<arg>${RESPONSE}</arg>
<doc>Makes a variable available everywhere within the scope of the current suite.</doc>
<msg timestamp="20231118 22:02:06.386" level="INFO">${RESPONSE} = &lt;Response [204]&gt;</msg>
[...]
 body={"id":"65595e94b4fae46e52904f77","codigo":76569,"nome":"UBQVAC","fabricante":"Casey LLC","lote":"84","validade":"2024-12-31T00:00:00.000+00:00","doses":2,"intervaloEntreDoses":9} 
 </msg>
<msg timestamp="20231118 22:02:11.369" level="INFO">C:\Users\mathe\AppData\Local\Programs\Python\Python312\Lib\site-packages\urllib3\connectionpool.py:1095: InsecureRequestWarning: Unverified HTTPS request is being made to host 'api-vacinas-bsi-f03cac251e91.herokuapp.com'. Adding certificate verification is strongly advised. See: https://urllib3.readthedocs.io/en/latest/advanced-usage.html#tls-warnings
  warnings.warn(</msg>
<msg timestamp="20231118 22:02:11.371" level="INFO">${RESPONSE} = &lt;Response [201]&gt;</msg>
<status status="PASS" starttime="20231118 22:02:10.867" endtime="20231118 22:02:11.371"/>
</kw>
<kw name="Evaluate" library="BuiltIn">
<var>${response_dict}</var>
<arg>json.loads('''${RESPONSE.text}''')</arg>
<doc>Evaluates the given expression in Python and returns the result.</doc>
<msg timestamp="20231118 22:02:11.373" level="INFO">${response_dict} = {'id': '65595e94b4fae46e52904f77', 'codigo': 76569, 'nome': 'UBQVAC', 'fabricante': 'Casey LLC', 'lote': '84', 'validade': '2024-12-31T00:00:00.000+00:00', 'doses': 2, 'intervaloEntreDoses': 9}</msg>
<status status="PASS" starttime="20231118 22:02:11.371" endtime="20231118 22:02:11.373"/>
</kw>
<kw name="Set Global Variable" library="BuiltIn">
<arg>${VacinaID}</arg>
<arg>${response_dict["id"]}</arg>
<doc>Makes a variable available globally in all tests and suites.</doc>
<msg timestamp="20231118 22:02:11.375" level="INFO">${VacinaID} = 65595e94b4fae46e52904f77</msg>
<status status="PASS" starttime="20231118 22:02:11.373" endtime="20231118 22:02:11.375"/>
</kw>
<kw name="Log" library="BuiltIn">
<arg>O valor do ID é: ${VacinaID}</arg>
<doc>Logs the given message with the given level.</doc>
<msg timestamp="20231118 22:02:11.375" level="INFO">O valor do ID é: 65595e94b4fae46e52904f77</msg>
<status status="PASS" starttime="20231118 22:02:11.375" endtime="20231118 22:02:11.376"/>
</kw>
<kw name="Set Suite Variable" library="BuiltIn">
<arg>${RESPONSE}</arg>
<doc>Makes a variable available everywhere within the scope of the current suite.</doc>
<msg timestamp="20231118 22:02:11.377" level="INFO">${RESPONSE} = &lt;Response [201]&gt;</msg>
<status status="PASS" starttime="20231118 22:02:11.376" endtime="20231118 22:02:11.377"/>
</kw>
<status status="PASS" starttime="20231118 22:02:10.862" endtime="20231118 22:02:11.377"/>
</kw>
<kw name="and Que eu atualizo os dados da vacina" library="Vacinas">
<kw name="Gerando Nova Vacina" library="VacinaFake">
<var>${VacinaData}</var>
<msg timestamp="20231118 22:02:11.384" level="INFO">{
    "codigo": 38528,
    "nome": "XMRVAC",
    "fabricante": "Moore, Bailey and Black",
    "lote": "98",
    "validade": "2024-12-31T00:00:00.000+00:00",
    "doses": 4,
    "intervaloEntreDoses": 5
}</msg>
<msg timestamp="20231118 22:02:11.384" level="INFO">${VacinaData} = {
    "codigo": 38528,
    "nome": "XMRVAC",
    "fabricante": "Moore, Bailey and Black",
    "lote": "98",
    "validade": "2024-12-31T00:00:00.000+00:00",
    "doses": 4,
    "intervaloEntreDoses": ...</msg>
<status status="PASS" starttime="20231118 22:02:11.379" endtime="20231118 22:02:11.384"/>
</kw>
<kw name="Create Session" library="RequestsLibrary">
<arg>alias=APIVacinas</arg>
<arg>url=${VACINAS-BASEURL}/editar/${VacinaID}</arg>
<doc>Create Session: create a HTTP session to a server</doc>
<msg timestamp="20231118 22:02:11.385" level="INFO">Creating Session using : alias=APIVacinas, url=https://api-vacinas-bsi-f03cac251e91.herokuapp.com/api/vacinas/editar/65595e94b4fae46e52904f77, headers={},                     cookies={}, auth=None, timeout=None, proxies=None, verify=False,                     debug=0 </msg>
<status status="PASS" starttime="20231118 22:02:11.384" endtime="20231118 22:02:11.385"/>
</kw>
<kw name="PUT On Session" library="RequestsLibrary">
<var>${RESPONSE}</var>
<arg>alias=APIVacinas</arg>
<arg>url=${VACINAS-BASEURL}/editar/${VacinaID}</arg>
<arg>data=${VacinaData}</arg>
<arg>headers=${headers}</arg>
<doc>Sends a PUT request on a previously created HTTP Session.</doc>
<msg timestamp="20231118 22:02:11.899" level="INFO">PUT Request : url=https://api-vacinas-bsi-f03cac251e91.herokuapp.com/api/vacinas/editar/65595e94b4fae46e52904f77 
 path_url=/api/vacinas/editar/65595e94b4fae46e52904f77 
 headers={'User-Agent': 'python-requests/2.31.0', 'Accept-Encoding': 'gzip, deflate', 'Accept': '*/*', 'Connection': 'keep-alive', 'Content-Type': 'application/json', 'Content-Length': '203'} 
 body={
    "codigo": 38528,
    "nome": "XMRVAC",
    "fabricante": "Moore, Bailey and Black",
    "lote": "98",
    "validade": "2024-12-31T00:00:00.000+00:00",
    "doses": 4,
    "intervaloEntreDoses": 5
} 
 </msg>
<msg timestamp="20231118 22:02:11.899" level="INFO">PUT Response : url=https://api-vacinas-bsi-f03cac251e91.herokuapp.com/api/vacinas/editar/65595e94b4fae46e52904f77 
 status=200, reason= 
 headers={'Server': 'Cowboy', 'Report-To': '{"group":"heroku-nel","max_age":3600,"endpoints":[{"url":"https://nel.heroku.com/reports?ts=1700355733&amp;sid=1b10b0ff-8a76-4548-befa-353fc6c6c045&amp;s=3wGIR%2FcKnEzK12jzNBXwlWOoymlZVEqf1StIrWh1Scs%3D"}]}', 'Reporting-Endpoints': 'heroku-nel=https://nel.heroku.com/reports?ts=1700355733&amp;sid=1b10b0ff-8a76-4548-befa-353fc6c6c045&amp;s=3wGIR%2FcKnEzK12jzNBXwlWOoymlZVEqf1StIrWh1Scs%3D', 'Nel': '{"report_to":"heroku-nel","max_age":3600,"success_fraction":0.005,"failure_fraction":0.05,"response_headers":["Via"]}', 'Connection': 'keep-alive', 'Content-Type': 'application/json', 'Transfer-Encoding': 'chunked', 'Date': 'Sun, 19 Nov 2023 01:02:13 GMT', 'Via': '1.1 vegur'} 
 body={"id":"65595e94b4fae46e52904f77","codigo":38528,"nome":"XMRVAC","fabricante":"Moore, Bailey and Black","lote":"98","validade":"2024-12-31T00:00:00.000+00:00","doses":4,"intervaloEntreDoses":5} 
 </msg>
<msg timestamp="20231118 22:02:11.899" level="INFO">C:\Users\mathe\AppData\Local\Programs\Python\Python312\Lib\site-packages\urllib3\connectionpool.py:1095: InsecureRequestWarning: Unverified HTTPS request is being made to host 'api-vacinas-bsi-f03cac251e91.herokuapp.com'. Adding certificate verification is strongly advised. See: https://urllib3.readthedocs.io/en/latest/advanced-usage.html#tls-warnings
  warnings.warn(</msg>
<msg timestamp="20231118 22:02:11.899" level="INFO">${RESPONSE} = &lt;Response [200]&gt;</msg>
<status status="PASS" starttime="20231118 22:02:11.386" endtime="20231118 22:02:11.899"/>
</kw>
<kw name="Set Suite Variable" library="BuiltIn">
<arg>${RESPONSE}</arg>
<doc>Makes a variable available everywhere within the scope of the current suite.</doc>
<msg timestamp="20231118 22:02:11.899" level="INFO">${RESPONSE} = &lt;Response [200]&gt;</msg>
<status status="PASS" starttime="20231118 22:02:11.899" endtime="20231118 22:02:11.899"/>
</kw>
<status status="PASS" starttime="20231118 22:02:11.379" endtime="20231118 22:02:11.899"/>
</kw>
<kw name="then Valido Status code" library="Vacinas">
<arg>200</arg>
<doc>Utiliza o reponse para validar o staus</doc>
<kw name="Get Variable Value" library="BuiltIn">
<var>${RESPONSE}</var>
<arg>${RESPONSE}</arg>
<doc>Returns variable value or ``default`` if the variable does not exist.</doc>
<msg timestamp="20231118 22:02:11.900" level="INFO">${RESPONSE} = &lt;Response [200]&gt;</msg>
<status status="PASS" starttime="20231118 22:02:11.900" endtime="20231118 22:02:11.900"/>
</kw>
<kw name="Should Be Equal As Strings" library="BuiltIn">
<arg>${RESPONSE.status_code}</arg>
<arg>${expected_status}</arg>
<doc>Fails if objects are unequal after converting them to strings.</doc>
<msg timestamp="20231118 22:02:11.901" level="INFO">Argument types are:
&lt;class 'int'&gt;
&lt;class 'str'&gt;</msg>
<status status="PASS" starttime="20231118 22:02:11.900" endtime="20231118 22:02:11.901"/>
</kw>
<status status="PASS" starttime="20231118 22:02:11.900" endtime="20231118 22:02:11.901"/>
</kw>
<tag>APIVacinas</tag>
<tag>Regressão</tag>
<status status="PASS" starttime="20231118 22:02:10.861" endtime="20231118 22:02:11.901"/>
</test>
<test id="s1-s3-t5" name="Scenario 5: Aquele que eu deleto uma vacina" line="34">
<kw name="Given Que eu tenha cadastrado uma nova vacina" library="Vacinas">
<doc>Adicionando uma nova vacina</doc>
<kw name="Gerando Nova Vacina" library="VacinaFake">
<var>${VacinaData}</var>
<msg timestamp="20231118 22:02:11.907" level="INFO">{
    "codigo": 33756,
    "nome": "ETHVAC",
    "fabricante": "Hall-Beck",
    "lote": "96",
    "validade": "2024-12-31T00:00:00.000+00:00",
    "doses": 1,
    "intervaloEntreDoses": 4
}</msg>
<msg timestamp="20231118 22:02:11.908" level="INFO">${VacinaData} = {
    "codigo": 33756,
    "nome": "ETHVAC",
    "fabricante": "Hall-Beck",
    "lote": "96",
    "validade": "2024-12-31T00:00:00.000+00:00",
    "doses": 1,
    "intervaloEntreDoses": 4
}</msg>
<status status="PASS" starttime="20231118 22:02:11.904" endtime="20231118 22:02:11.908"/>
</kw>
<kw name="Create Session" library="RequestsLibrary">
<arg>alias=APIVacinas</arg>
<arg>url=${VACINAS-BASEURL}/cadastrar</arg>
<doc>Create Session: create a HTTP session to a server</doc>
<msg timestamp="20231118 22:02:11.908" level="INFO">Creating Session using : alias=APIVacinas, url=https://api-vacinas-bsi-f03cac251e91.herokuapp.com/api/vacinas/cadastrar, headers={},                     cookies={}, auth=None, timeout=None, proxies=None, verify=False,                     debug=0 </msg>
<status status="PASS" starttime="20231118 22:02:11.908" endtime="20231118 22:02:11.908"/>
</kw>
<kw name="POST On Session" library="RequestsLibrary">
<var>${RESPONSE}</var>
<arg>alias=APIVacinas</arg>
<arg>url=${VACINAS-BASEURL}/cadastrar</arg>
<arg>data=${VacinaData}</arg>
<arg>headers=${headers}</arg>
<doc>Sends a POST request on a previously created HTTP Session.</doc>
<msg timestamp="20231118 22:02:12.416" level="INFO">POST Request : url=https://api-vacinas-bsi-f03cac251e91.herokuapp.com/api/vacinas/cadastrar 
 path_url=/api/vacinas/cadastrar 
 headers={'User-Agent': 'python-requests/2.31.0', 'Accept-Encoding': 'gzip, deflate', 'Accept': '*/*', 'Connection': 'keep-alive', 'Content-Type': 'application/json', 'Content-Length': '189'} 
 body={
    "codigo": 33756,
    "nome": "ETHVAC",
    "fabricante": "Hall-Beck",
    "lote": "96",
    "validade": "2024-12-31T00:00:00.000+00:00",
    "doses": 1,
    "intervaloEntreDoses": 4
} 
 </msg>
<msg timestamp="20231118 22:02:12.416" level="INFO">POST Response : url=https://api-vacinas-bsi-f03cac251e91.herokuapp.com/api/vacinas/cadastrar 
 status=201, reason= 
 headers={'Server': 'Cowboy', 'Report-To': '{"group":"heroku-nel","max_age":3600,"endpoints":[{"url":"https://nel.heroku.com/reports?ts=1700355733&amp;sid=1b10b0ff-8a76-4548-befa-353fc6c6c045&amp;s=3wGIR%2FcKnEzK12jzNBXwlWOoymlZVEqf1StIrWh1Scs%3D"}]}', 'Reporting-Endpoints': 'heroku-nel=https://nel.heroku.com/reports?ts=1700355733&amp;sid=1b10b0ff-8a76-4548-befa-353fc6c6c045&amp;s=3wGIR%2FcKnEzK12jzNBXwlWOoymlZVEqf1StIrWh1Scs%3D', 'Nel': '{"report_to":"heroku-nel","max_age":3600,"success_fraction":0.005,"failure_fraction":0.05,"response_headers":["Via"]}', 'Connection': 'keep-alive', 'Content-Type': 'application/json', 'Transfer-Encoding': 'chunked', 'Date': 'Sun, 19 Nov 2023 01:02:13 GMT', 'Via': '1.1 vegur'} 
 body={"id":"65595e95b4fae46e52904f78","codigo":33756,"nome":"ETHVAC","fabricante":"Hall-Beck","lote":"96","validade":"2024-12-31T00:00:00.000+00:00","doses":1,"intervaloEntreDoses":4} 
 </msg>
<msg timestamp="20231118 22:02:12.416" level="INFO">C:\Users\mathe\AppData\Local\Programs\Python\Python312\Lib\site-packages\urllib3\connectionpool.py:1095: InsecureRequestWarning: Unverified HTTPS request is being made to host 'api-vacinas-bsi-f03cac251e91.herokuapp.com'. Adding certificate verification is strongly advised. See: https://urllib3.readthedocs.io/en/latest/advanced-usage.html#tls-warnings
  warnings.warn(</msg>
<msg timestamp="20231118 22:02:12.417" level="INFO">${RESPONSE} = &lt;Response [201]&gt;</msg>
<status status="PASS" starttime="20231118 22:02:11.908" endtime="20231118 22:02:12.417"/>
</kw>
<kw name="Evaluate" library="BuiltIn">
<var>${response_dict}</var>
<arg>json.loads('''${RESPONSE.text}''')</arg>
<doc>Evaluates the given expression in Python and returns the result.</doc>
<msg timestamp="20231118 22:02:12.419" level="INFO">${response_dict} = {'id': '65595e95b4fae46e52904f78', 'codigo': 33756, 'nome': 'ETHVAC', 'fabricante': 'Hall-Beck', 'lote': '96', 'validade': '2024-12-31T00:00:00.000+00:00', 'doses': 1, 'intervaloEntreDoses': 4}</msg>
<status status="PASS" starttime="20231118 22:02:12.417" endtime="20231118 22:02:12.419"/>
</kw>
<kw name="Set Global Variable" library="BuiltIn">
<arg>${VacinaID}</arg>
<arg>${response_dict["id"]}</arg>
<doc>Makes a variable available globally in all tests and suites.</doc>
<msg timestamp="20231118 22:02:12.420" level="INFO">${VacinaID} = 65595e95b4fae46e52904f78</msg>
<status status="PASS" starttime="20231118 22:02:12.419" endtime="20231118 22:02:12.420"/>
</kw>
<kw name="Log" library="BuiltIn">
<arg>O valor do ID é: ${VacinaID}</arg>
<doc>Logs the given message with the given level.</doc>
<msg timestamp="20231118 22:02:12.421" level="INFO">O valor do ID é: 65595e95b4fae46e52904f78</msg>
<status status="PASS" starttime="20231118 22:02:12.420" endtime="20231118 22:02:12.421"/>
</kw>
<kw name="Set Suite Variable" library="BuiltIn">
<arg>${RESPONSE}</arg>
<doc>Makes a variable available everywhere within the scope of the current suite.</doc>
<msg timestamp="20231118 22:02:12.421" level="INFO">${RESPONSE} = &lt;Response [201]&gt;</msg>
<status status="PASS" starttime="20231118 22:02:12.421" endtime="20231118 22:02:12.421"/>
</kw>
<status status="PASS" starttime="20231118 22:02:11.904" endtime="20231118 22:02:12.421"/>
</kw>
<kw name="and Que eu deleto a vacina criada" library="Vacinas">
<doc>Remove uma vacina apartir do ID</doc>
<kw name="Create Session" library="RequestsLibrary">
<arg>alias=APIVacinas</arg>
<arg>url=${VACINAS-BASEURL}/remover/${VacinaID}</arg>
<doc>Create Session: create a HTTP session to a server</doc>
<msg timestamp="20231118 22:02:12.423" level="INFO">Creating Session using : alias=APIVacinas, url=https://api-vacinas-bsi-f03cac251e91.herokuapp.com/api/vacinas/remover/65595e95b4fae46e52904f78, headers={},                     cookies={}, auth=None, timeout=None, proxies=None, verify=False,                     debug=0 </msg>
<status status="PASS" starttime="20231118 22:02:12.423" endtime="20231118 22:02:12.423"/>
</kw>
<kw name="DELETE On Session" library="RequestsLibrary">
<var>${RESPONSE}</var>
<arg>alias=APIVacinas</arg>
<arg>url=${VACINAS-BASEURL}/remover/${VacinaID}</arg>
<doc>Sends a DELETE request on a previously created HTTP Session.</doc>
<msg timestamp="20231118 22:02:12.930" level="INFO">DELETE Request : url=https://api-vacinas-bsi-f03cac251e91.herokuapp.com/api/vacinas/remover/65595e95b4fae46e52904f78 
 path_url=/api/vacinas/remover/65595e95b4fae46e52904f78 
 headers={'User-Agent': 'python-requests/2.31.0', 'Accept-Encoding': 'gzip, deflate', 'Accept': '*/*', 'Connection': 'keep-alive', 'Content-Length': '0'} 
 body=None 
 </msg>
<msg timestamp="20231118 22:02:12.931" level="INFO">DELETE Response : url=https://api-vacinas-bsi-f03cac251e91.herokuapp.com/api/vacinas/remover/65595e95b4fae46e52904f78 
 status=200, reason= 
 headers={'Server': 'Cowboy', 'Report-To': '{"group":"heroku-nel","max_age":3600,"endpoints":[{"url":"https://nel.heroku.com/reports?ts=1700355734&amp;sid=1b10b0ff-8a76-4548-befa-353fc6c6c045&amp;s=a2bIXTS1sBUQWj2vtww%2FpwFaLUpZXaWVcAa6YrA%2Bv8M%3D"}]}', 'Reporting-Endpoints': 'heroku-nel=https://nel.heroku.com/reports?ts=1700355734&amp;sid=1b10b0ff-8a76-4548-befa-353fc6c6c045&amp;s=a2bIXTS1sBUQWj2vtww%2FpwFaLUpZXaWVcAa6YrA%2Bv8M%3D', 'Nel': '{"report_to":"heroku-nel","max_age":3600,"success_fraction":0.005,"failure_fraction":0.05,"response_headers":["Via"]}', 'Connection': 'keep-alive', 'Content-Length': '0', 'Date': 'Sun, 19 Nov 2023 01:02:14 GMT', 'Via': '1.1 vegur'} 
 body=None 
 </msg>
<msg timestamp="20231118 22:02:12.931" level="INFO">C:\Users\mathe\AppData\Local\Programs\Python\Python312\Lib\site-packages\urllib3\connectionpool.py:1095: InsecureRequestWarning: Unverified HTTPS request is being made to host 'api-vacinas-bsi-f03cac251e91.herokuapp.com'. Adding certificate verification is strongly advised. See: https://urllib3.readthedocs.io/en/latest/advanced-usage.html#tls-warnings
  warnings.warn(</msg>
<msg timestamp="20231118 22:02:12.932" level="INFO">${RESPONSE} = &lt;Response [200]&gt;</msg>
<status status="PASS" starttime="20231118 22:02:12.423" endtime="20231118 22:02:12.932"/>
</kw>
<kw name="Set Suite Variable" library="BuiltIn">
<arg>${RESPONSE}</arg>
<doc>Makes a variable available everywhere within the scope of the current suite.</doc>
<msg timestamp="20231118 22:02:12.932" level="INFO">${RESPONSE} = &lt;Response [200]&gt;</msg>
<status status="PASS" starttime="20231118 22:02:12.932" endtime="20231118 22:02:12.932"/>
</kw>
<status status="PASS" starttime="20231118 22:02:12.422" endtime="20231118 22:02:12.932"/>
</kw>
<kw name="then Valido Status code" library="Vacinas">
<arg>200</arg>
<doc>Utiliza o reponse para validar o staus</doc>
<kw name="Get Variable Value" library="BuiltIn">
<var>${RESPONSE}</var>
<arg>${RESPONSE}</arg>
<doc>Returns variable value or ``default`` if the variable does not exist.</doc>
<msg timestamp="20231118 22:02:12.933" level="INFO">${RESPONSE} = &lt;Response [200]&gt;</msg>
<status status="PASS" starttime="20231118 22:02:12.933" endtime="20231118 22:02:12.933"/>
</kw>
<kw name="Should Be Equal As Strings" library="BuiltIn">
<arg>${RESPONSE.status_code}</arg>
<arg>${expected_status}</arg>
<doc>Fails if objects are unequal after converting them to strings.</doc>
<msg timestamp="20231118 22:02:12.934" level="INFO">Argument types are:
&lt;class 'int'&gt;
&lt;class 'str'&gt;</msg>
<status status="PASS" starttime="20231118 22:02:12.933" endtime="20231118 22:02:12.935"/>
</kw>
<status status="PASS" starttime="20231118 22:02:12.933" endtime="20231118 22:02:12.935"/>
</kw>
<tag>APIVacinas</tag>
<tag>Regressão</tag>
<status status="PASS" starttime="20231118 22:02:11.903" endtime="20231118 22:02:12.935"/>
</test>
<status status="FAIL" starttime="20231118 22:02:09.309" endtime="20231118 22:02:12.936"/>
</suite>
<status status="FAIL" starttime="20231118 22:02:00.430" endtime="20231118 22:02:12.939"/>
</suite>
<statistics>
<total>
<stat pass="13" fail="1" skip="0">All Tests</stat>
</total>
<tag>
<stat pass="2" fail="0" skip="0">APIGerenciamento</stat>
<stat pass="7" fail="0" skip="0">APIPacientes</stat>
<stat pass="4" fail="1" skip="0">APIVacinas</stat>
<stat pass="3" fail="1" skip="0">Negativo</stat>
<stat pass="13" fail="1" skip="0">Regressão</stat>
</tag>
<suite>
<stat pass="13" fail="1" skip="0" id="s1" name="Features">Features</stat>
<stat pass="7" fail="0" skip="0" id="s1-s1" name="PacientesBDD">Features.PacientesBDD</stat>
<stat pass="2" fail="0" skip="0" id="s1-s2" name="RegistroDeVacinasBDD">Features.RegistroDeVacinasBDD</stat>
<stat pass="4" fail="1" skip="0" id="s1-s3" name="VacinasBDD">Features.VacinasBDD</stat>
</suite>
</statistics>
<errors>
</errors>
</robot>
